2025-02-09 07:49:27.726 [warning] /home/gitpod/.ssh/config: ENOENT: no such file or directory, open '/home/gitpod/.ssh/config'
2025-02-09 07:49:27.726 [info] Activation> Extension version: 0.102.0
2025-02-09 07:49:29.963 [info] Looking for git repository
2025-02-09 07:49:29.963 [info] Found 0 repositories during activation
2025-02-09 07:49:29.963 [info] Git repository found, initializing review manager and pr tree view.
2025-02-09 07:49:29.967 [info] Registering git provider
2025-02-09 07:49:29.967 [info] Review+0> Validate state in progress
2025-02-09 07:49:29.967 [info] Review+0> Validating state...
2025-02-09 07:49:30.149 [info] Found GitHub remote for folder /workspace/project
2025-02-09 07:49:30.151 [info] Trying to use globalState for assignableUsers.
2025-02-09 07:49:30.157 [info] Review+0> No matching pull request metadata found locally for current branch main
2025-02-09 07:49:30.158 [info] Review+0> No matching pull request metadata found on GitHub for current branch main
2025-02-09 07:49:30.324 [info] GlobalState does not exist for assignableUsers.
2025-02-09 07:50:22.071 [info] Review+0> Validate state in progress
2025-02-09 07:50:22.071 [info] Review+0> Validating state...
2025-02-09 07:50:22.071 [info] Repo state for file:///workspace/project changed.
2025-02-09 07:50:22.071 [info] Repo file:///workspace/project has already been setup.
2025-02-09 07:50:22.307 [info] Found GitHub remote for folder /workspace/project
2025-02-09 07:50:22.307 [info] Using in-memory cached assignable users.
2025-02-09 07:50:22.314 [info] Review+0> No matching pull request metadata found locally for current branch main
2025-02-09 07:50:22.314 [info] Review+0> No matching pull request metadata found on GitHub for current branch main
2025-02-09 07:50:47.088 [info] Review+0> Validate state in progress
2025-02-09 07:50:47.088 [info] Review+0> Validating state...
2025-02-09 07:50:47.257 [info] Found GitHub remote for folder /workspace/project
2025-02-09 07:50:47.257 [info] Using in-memory cached assignable users.
2025-02-09 07:50:47.263 [info] Review+0> No matching pull request metadata found locally for current branch main
2025-02-09 07:50:47.263 [info] Review+0> No matching pull request metadata found on GitHub for current branch main
2025-02-09 07:50:52.126 [info] Review+0> Validate state in progress
2025-02-09 07:50:52.126 [info] Review+0> Validating state...
2025-02-09 07:50:52.306 [info] Found GitHub remote for folder /workspace/project
2025-02-09 07:50:52.307 [info] Using in-memory cached assignable users.
2025-02-09 07:50:52.314 [info] Review+0> No matching pull request metadata found locally for current branch main
2025-02-09 07:50:52.314 [info] Review+0> No matching pull request metadata found on GitHub for current branch main
2025-02-09 07:56:23.169 [info] Review+0> Validate state in progress
2025-02-09 07:56:23.169 [info] Review+0> Validating state...
2025-02-09 07:56:23.376 [info] Found GitHub remote for folder /workspace/project
2025-02-09 07:56:23.377 [info] Using in-memory cached assignable users.
2025-02-09 07:56:23.383 [info] Review+0> No matching pull request metadata found locally for current branch main
2025-02-09 07:56:23.383 [info] Review+0> No matching pull request metadata found on GitHub for current branch main
2025-02-09 07:56:34.057 [info] Review+0> Validate state in progress
2025-02-09 07:56:34.057 [info] Review+0> Validating state...
2025-02-09 07:56:34.220 [info] Found GitHub remote for folder /workspace/project
2025-02-09 07:56:34.220 [info] Using in-memory cached assignable users.
2025-02-09 07:56:34.226 [info] Review+0> No matching pull request metadata found locally for current branch main
2025-02-09 07:56:34.226 [info] Review+0> No matching pull request metadata found on GitHub for current branch main
2025-02-09 07:58:07.836 [info] Review+0> Validate state in progress
2025-02-09 07:58:07.836 [info] Review+0> Validating state...
2025-02-09 07:58:08.029 [info] Found GitHub remote for folder /workspace/project
2025-02-09 07:58:08.029 [info] Using in-memory cached assignable users.
2025-02-09 07:58:08.036 [info] Review+0> No matching pull request metadata found locally for current branch main
2025-02-09 07:58:08.036 [info] Review+0> No matching pull request metadata found on GitHub for current branch main
2025-02-09 07:58:12.871 [info] Review+0> Validate state in progress
2025-02-09 07:58:12.871 [info] Review+0> Validating state...
2025-02-09 07:58:13.035 [info] Found GitHub remote for folder /workspace/project
2025-02-09 07:58:13.036 [info] Using in-memory cached assignable users.
2025-02-09 07:58:13.042 [info] Review+0> No matching pull request metadata found locally for current branch main
2025-02-09 07:58:13.042 [info] Review+0> No matching pull request metadata found on GitHub for current branch main
2025-02-09 07:59:25.009 [info] Review+0> Validate state in progress
2025-02-09 07:59:25.009 [info] Review+0> Validating state...
2025-02-09 07:59:25.240 [info] Found GitHub remote for folder /workspace/project
2025-02-09 07:59:25.241 [info] Using in-memory cached assignable users.
2025-02-09 07:59:25.247 [info] Review+0> No matching pull request metadata found locally for current branch main
2025-02-09 07:59:25.247 [info] Review+0> No matching pull request metadata found on GitHub for current branch main
2025-02-09 07:59:30.040 [info] Review+0> Validate state in progress
2025-02-09 07:59:30.040 [info] Review+0> Validating state...
2025-02-09 07:59:30.259 [info] Found GitHub remote for folder /workspace/project
2025-02-09 07:59:30.259 [info] Using in-memory cached assignable users.
2025-02-09 07:59:30.266 [info] Review+0> No matching pull request metadata found locally for current branch main
2025-02-09 07:59:30.266 [info] Review+0> No matching pull request metadata found on GitHub for current branch main
2025-02-09 08:00:01.827 [info] Review+0> Validate state in progress
2025-02-09 08:00:01.827 [info] Review+0> Validating state...
2025-02-09 08:00:01.992 [info] Found GitHub remote for folder /workspace/project
2025-02-09 08:00:01.993 [info] Using in-memory cached assignable users.
2025-02-09 08:00:02.000 [info] Review+0> No matching pull request metadata found locally for current branch main
2025-02-09 08:00:02.000 [info] Review+0> No matching pull request metadata found on GitHub for current branch main
2025-02-09 08:00:06.873 [info] Review+0> Validate state in progress
2025-02-09 08:00:06.874 [info] Review+0> Validating state...
2025-02-09 08:00:07.040 [info] Found GitHub remote for folder /workspace/project
2025-02-09 08:00:07.041 [info] Using in-memory cached assignable users.
2025-02-09 08:00:07.050 [info] Review+0> No matching pull request metadata found locally for current branch main
2025-02-09 08:00:07.050 [info] Review+0> No matching pull request metadata found on GitHub for current branch main
2025-02-09 08:00:20.251 [info] Review+0> Validate state in progress
2025-02-09 08:00:20.252 [info] Review+0> Validating state...
2025-02-09 08:00:20.414 [info] Found GitHub remote for folder /workspace/project
2025-02-09 08:00:20.414 [info] Using in-memory cached assignable users.
2025-02-09 08:00:20.420 [info] Review+0> No matching pull request metadata found locally for current branch main
2025-02-09 08:00:20.420 [info] Review+0> No matching pull request metadata found on GitHub for current branch main
2025-02-09 08:00:25.282 [info] Review+0> Validate state in progress
2025-02-09 08:00:25.282 [info] Review+0> Validating state...
2025-02-09 08:00:25.493 [info] Found GitHub remote for folder /workspace/project
2025-02-09 08:00:25.493 [info] Using in-memory cached assignable users.
2025-02-09 08:00:25.500 [info] Review+0> No matching pull request metadata found locally for current branch main
2025-02-09 08:00:25.500 [info] Review+0> No matching pull request metadata found on GitHub for current branch main
2025-02-09 08:00:44.864 [info] Review+0> Validate state in progress
2025-02-09 08:00:44.864 [info] Review+0> Validating state...
2025-02-09 08:00:45.065 [info] Found GitHub remote for folder /workspace/project
2025-02-09 08:00:45.065 [info] Using in-memory cached assignable users.
2025-02-09 08:00:45.071 [info] Review+0> No matching pull request metadata found locally for current branch main
2025-02-09 08:00:45.071 [info] Review+0> No matching pull request metadata found on GitHub for current branch main
2025-02-09 08:00:49.896 [info] Review+0> Validate state in progress
2025-02-09 08:00:49.896 [info] Review+0> Validating state...
2025-02-09 08:00:50.168 [info] Found GitHub remote for folder /workspace/project
2025-02-09 08:00:50.168 [info] Using in-memory cached assignable users.
2025-02-09 08:00:50.174 [info] Review+0> No matching pull request metadata found locally for current branch main
2025-02-09 08:00:50.174 [info] Review+0> No matching pull request metadata found on GitHub for current branch main
2025-02-09 08:01:03.445 [info] Review+0> Validate state in progress
2025-02-09 08:01:03.446 [info] Review+0> Validating state...
2025-02-09 08:01:03.678 [info] Found GitHub remote for folder /workspace/project
2025-02-09 08:01:03.678 [info] Using in-memory cached assignable users.
2025-02-09 08:01:03.685 [info] Review+0> No matching pull request metadata found locally for current branch main
2025-02-09 08:01:03.685 [info] Review+0> No matching pull request metadata found on GitHub for current branch main
2025-02-09 08:01:08.480 [info] Review+0> Validate state in progress
2025-02-09 08:01:08.480 [info] Review+0> Validating state...
2025-02-09 08:01:08.697 [info] Found GitHub remote for folder /workspace/project
2025-02-09 08:01:08.697 [info] Using in-memory cached assignable users.
2025-02-09 08:01:08.703 [info] Review+0> No matching pull request metadata found locally for current branch main
2025-02-09 08:01:08.703 [info] Review+0> No matching pull request metadata found on GitHub for current branch main
2025-02-09 08:01:18.540 [info] Review+0> Validate state in progress
2025-02-09 08:01:18.540 [info] Review+0> Validating state...
2025-02-09 08:01:18.708 [info] Found GitHub remote for folder /workspace/project
2025-02-09 08:01:18.708 [info] Using in-memory cached assignable users.
2025-02-09 08:01:18.714 [info] Review+0> No matching pull request metadata found locally for current branch main
2025-02-09 08:01:18.714 [info] Review+0> No matching pull request metadata found on GitHub for current branch main
2025-02-09 08:01:47.701 [info] Review+0> Validate state in progress
2025-02-09 08:01:47.701 [info] Review+0> Validating state...
2025-02-09 08:01:47.864 [info] Found GitHub remote for folder /workspace/project
2025-02-09 08:01:47.865 [info] Using in-memory cached assignable users.
2025-02-09 08:01:47.871 [info] Review+0> No matching pull request metadata found locally for current branch main
2025-02-09 08:01:47.871 [info] Review+0> No matching pull request metadata found on GitHub for current branch main
2025-02-09 08:05:20.105 [info] Review+0> Validate state in progress
2025-02-09 08:05:20.105 [info] Review+0> Validating state...
2025-02-09 08:05:20.265 [info] Found GitHub remote for folder /workspace/project
2025-02-09 08:05:20.265 [info] Using in-memory cached assignable users.
2025-02-09 08:05:20.271 [info] Review+0> No matching pull request metadata found locally for current branch main
2025-02-09 08:05:20.272 [info] Review+0> No matching pull request metadata found on GitHub for current branch main
2025-02-09 08:06:34.769 [info] Review+0> Validate state in progress
2025-02-09 08:06:34.769 [info] Review+0> Validating state...
2025-02-09 08:06:35.019 [info] Found GitHub remote for folder /workspace/project
2025-02-09 08:06:35.020 [info] Using in-memory cached assignable users.
2025-02-09 08:06:35.026 [info] Review+0> No matching pull request metadata found locally for current branch main
2025-02-09 08:06:35.026 [info] Review+0> No matching pull request metadata found on GitHub for current branch main
2025-02-09 08:06:39.805 [info] Review+0> Validate state in progress
2025-02-09 08:06:39.805 [info] Review+0> Validating state...
2025-02-09 08:06:39.969 [info] Found GitHub remote for folder /workspace/project
2025-02-09 08:06:39.970 [info] Using in-memory cached assignable users.
2025-02-09 08:06:39.976 [info] Review+0> No matching pull request metadata found locally for current branch main
2025-02-09 08:06:39.976 [info] Review+0> No matching pull request metadata found on GitHub for current branch main
2025-02-09 08:06:56.194 [info] Review+0> Validate state in progress
2025-02-09 08:06:56.194 [info] Review+0> Validating state...
2025-02-09 08:06:56.355 [info] Found GitHub remote for folder /workspace/project
2025-02-09 08:06:56.355 [info] Using in-memory cached assignable users.
2025-02-09 08:06:56.362 [info] Review+0> No matching pull request metadata found locally for current branch main
2025-02-09 08:06:56.362 [info] Review+0> No matching pull request metadata found on GitHub for current branch main
2025-02-09 08:07:01.225 [info] Review+0> Validate state in progress
2025-02-09 08:07:01.225 [info] Review+0> Validating state...
2025-02-09 08:07:01.385 [info] Found GitHub remote for folder /workspace/project
2025-02-09 08:07:01.385 [info] Using in-memory cached assignable users.
2025-02-09 08:07:01.391 [info] Review+0> No matching pull request metadata found locally for current branch main
2025-02-09 08:07:01.391 [info] Review+0> No matching pull request metadata found on GitHub for current branch main
2025-02-09 08:07:06.260 [info] Review+0> Validate state in progress
2025-02-09 08:07:06.260 [info] Review+0> Validating state...
2025-02-09 08:07:06.422 [info] Found GitHub remote for folder /workspace/project
2025-02-09 08:07:06.422 [info] Using in-memory cached assignable users.
2025-02-09 08:07:06.428 [info] Review+0> No matching pull request metadata found locally for current branch main
2025-02-09 08:07:06.428 [info] Review+0> No matching pull request metadata found on GitHub for current branch main
2025-02-09 08:07:53.878 [info] Review+0> Validate state in progress
2025-02-09 08:07:53.878 [info] Review+0> Validating state...
2025-02-09 08:07:54.040 [info] Found GitHub remote for folder /workspace/project
2025-02-09 08:07:54.041 [info] Using in-memory cached assignable users.
2025-02-09 08:07:54.048 [info] Review+0> No matching pull request metadata found locally for current branch main
2025-02-09 08:07:54.048 [info] Review+0> No matching pull request metadata found on GitHub for current branch main
2025-02-09 08:08:27.738 [info] Review+0> Validate state in progress
2025-02-09 08:08:27.738 [info] Review+0> Validating state...
2025-02-09 08:08:27.898 [info] Found GitHub remote for folder /workspace/project
2025-02-09 08:08:27.899 [info] Using in-memory cached assignable users.
2025-02-09 08:08:27.905 [info] Review+0> No matching pull request metadata found locally for current branch main
2025-02-09 08:08:27.905 [info] Review+0> No matching pull request metadata found on GitHub for current branch main
2025-02-09 08:08:32.770 [info] Review+0> Validate state in progress
2025-02-09 08:08:32.770 [info] Review+0> Validating state...
2025-02-09 08:08:32.932 [info] Found GitHub remote for folder /workspace/project
2025-02-09 08:08:32.932 [info] Using in-memory cached assignable users.
2025-02-09 08:08:32.938 [info] Review+0> No matching pull request metadata found locally for current branch main
2025-02-09 08:08:32.938 [info] Review+0> No matching pull request metadata found on GitHub for current branch main
2025-02-09 08:08:37.801 [info] Review+0> Validate state in progress
2025-02-09 08:08:37.801 [info] Review+0> Validating state...
2025-02-09 08:08:37.966 [info] Found GitHub remote for folder /workspace/project
2025-02-09 08:08:37.966 [info] Using in-memory cached assignable users.
2025-02-09 08:08:37.972 [info] Review+0> No matching pull request metadata found locally for current branch main
2025-02-09 08:08:37.972 [info] Review+0> No matching pull request metadata found on GitHub for current branch main
2025-02-09 08:09:58.672 [info] Review+0> Validate state in progress
2025-02-09 08:09:58.672 [info] Review+0> Validating state...
2025-02-09 08:09:58.832 [info] Found GitHub remote for folder /workspace/project
2025-02-09 08:09:58.833 [info] Using in-memory cached assignable users.
2025-02-09 08:09:58.839 [info] Review+0> No matching pull request metadata found locally for current branch main
2025-02-09 08:09:58.839 [info] Review+0> No matching pull request metadata found on GitHub for current branch main
2025-02-09 08:11:42.548 [info] Review+0> Validate state in progress
2025-02-09 08:11:42.548 [info] Review+0> Validating state...
2025-02-09 08:11:42.708 [info] Found GitHub remote for folder /workspace/project
2025-02-09 08:11:42.709 [info] Using in-memory cached assignable users.
2025-02-09 08:11:42.716 [info] Review+0> No matching pull request metadata found locally for current branch main
2025-02-09 08:11:42.716 [info] Review+0> No matching pull request metadata found on GitHub for current branch main
2025-02-09 08:12:10.667 [info] Review+0> Validate state in progress
2025-02-09 08:12:10.667 [info] Review+0> Validating state...
2025-02-09 08:12:10.831 [info] Found GitHub remote for folder /workspace/project
2025-02-09 08:12:10.831 [info] Using in-memory cached assignable users.
2025-02-09 08:12:10.838 [info] Review+0> No matching pull request metadata found locally for current branch main
2025-02-09 08:12:10.838 [info] Review+0> No matching pull request metadata found on GitHub for current branch main
2025-02-09 08:12:15.701 [info] Review+0> Validate state in progress
2025-02-09 08:12:15.701 [info] Review+0> Validating state...
2025-02-09 08:12:15.864 [info] Found GitHub remote for folder /workspace/project
2025-02-09 08:12:15.864 [info] Using in-memory cached assignable users.
2025-02-09 08:12:15.870 [info] Review+0> No matching pull request metadata found locally for current branch main
2025-02-09 08:12:15.870 [info] Review+0> No matching pull request metadata found on GitHub for current branch main
2025-02-09 08:12:39.555 [info] Review+0> Validate state in progress
2025-02-09 08:12:39.555 [info] Review+0> Validating state...
2025-02-09 08:12:39.720 [info] Found GitHub remote for folder /workspace/project
2025-02-09 08:12:39.720 [info] Using in-memory cached assignable users.
2025-02-09 08:12:39.726 [info] Review+0> No matching pull request metadata found locally for current branch main
2025-02-09 08:12:39.726 [info] Review+0> No matching pull request metadata found on GitHub for current branch main
2025-02-09 08:12:55.563 [info] Review+0> Validate state in progress
2025-02-09 08:12:55.563 [info] Review+0> Validating state...
2025-02-09 08:12:55.725 [info] Found GitHub remote for folder /workspace/project
2025-02-09 08:12:55.726 [info] Using in-memory cached assignable users.
2025-02-09 08:12:55.733 [info] Review+0> No matching pull request metadata found locally for current branch main
2025-02-09 08:12:55.733 [info] Review+0> No matching pull request metadata found on GitHub for current branch main
2025-02-09 08:13:35.566 [info] Review+0> Validate state in progress
2025-02-09 08:13:35.566 [info] Review+0> Validating state...
2025-02-09 08:13:35.728 [info] Found GitHub remote for folder /workspace/project
2025-02-09 08:13:35.728 [info] Using in-memory cached assignable users.
2025-02-09 08:13:35.734 [info] Review+0> No matching pull request metadata found locally for current branch main
2025-02-09 08:13:35.734 [info] Review+0> No matching pull request metadata found on GitHub for current branch main
2025-02-09 08:13:53.354 [info] Review+0> Validate state in progress
2025-02-09 08:13:53.354 [info] Review+0> Validating state...
2025-02-09 08:13:53.518 [info] Found GitHub remote for folder /workspace/project
2025-02-09 08:13:53.518 [info] Using in-memory cached assignable users.
2025-02-09 08:13:53.524 [info] Review+0> No matching pull request metadata found locally for current branch main
2025-02-09 08:13:53.524 [info] Review+0> No matching pull request metadata found on GitHub for current branch main
2025-02-09 08:13:58.386 [info] Review+0> Validate state in progress
2025-02-09 08:13:58.386 [info] Review+0> Validating state...
2025-02-09 08:13:58.549 [info] Found GitHub remote for folder /workspace/project
2025-02-09 08:13:58.550 [info] Using in-memory cached assignable users.
2025-02-09 08:13:58.556 [info] Review+0> No matching pull request metadata found locally for current branch main
2025-02-09 08:13:58.556 [info] Review+0> No matching pull request metadata found on GitHub for current branch main
2025-02-09 08:14:03.420 [info] Review+0> Validate state in progress
2025-02-09 08:14:03.420 [info] Review+0> Validating state...
2025-02-09 08:14:03.582 [info] Found GitHub remote for folder /workspace/project
2025-02-09 08:14:03.582 [info] Using in-memory cached assignable users.
2025-02-09 08:14:03.588 [info] Review+0> No matching pull request metadata found locally for current branch main
2025-02-09 08:14:03.588 [info] Review+0> No matching pull request metadata found on GitHub for current branch main
2025-02-09 08:14:08.453 [info] Review+0> Validate state in progress
2025-02-09 08:14:08.453 [info] Review+0> Validating state...
2025-02-09 08:14:08.617 [info] Found GitHub remote for folder /workspace/project
2025-02-09 08:14:08.617 [info] Using in-memory cached assignable users.
2025-02-09 08:14:08.623 [info] Review+0> No matching pull request metadata found locally for current branch main
2025-02-09 08:14:08.623 [info] Review+0> No matching pull request metadata found on GitHub for current branch main
2025-02-09 08:14:13.486 [info] Review+0> Validate state in progress
2025-02-09 08:14:13.486 [info] Review+0> Validating state...
2025-02-09 08:14:13.651 [info] Found GitHub remote for folder /workspace/project
2025-02-09 08:14:13.651 [info] Using in-memory cached assignable users.
2025-02-09 08:14:13.657 [info] Review+0> No matching pull request metadata found locally for current branch main
2025-02-09 08:14:13.657 [info] Review+0> No matching pull request metadata found on GitHub for current branch main
2025-02-09 08:14:18.520 [info] Review+0> Validate state in progress
2025-02-09 08:14:18.520 [info] Review+0> Validating state...
2025-02-09 08:14:18.685 [info] Found GitHub remote for folder /workspace/project
2025-02-09 08:14:18.686 [info] Using in-memory cached assignable users.
2025-02-09 08:14:18.691 [info] Review+0> No matching pull request metadata found locally for current branch main
2025-02-09 08:14:18.692 [info] Review+0> No matching pull request metadata found on GitHub for current branch main
2025-02-09 08:14:23.552 [info] Review+0> Validate state in progress
2025-02-09 08:14:23.552 [info] Review+0> Validating state...
2025-02-09 08:14:23.715 [info] Found GitHub remote for folder /workspace/project
2025-02-09 08:14:23.715 [info] Using in-memory cached assignable users.
2025-02-09 08:14:23.722 [info] Review+0> No matching pull request metadata found locally for current branch main
2025-02-09 08:14:23.722 [info] Review+0> No matching pull request metadata found on GitHub for current branch main
2025-02-09 08:14:38.637 [info] Review+0> Validate state in progress
2025-02-09 08:14:38.637 [info] Review+0> Validating state...
2025-02-09 08:14:38.800 [info] Found GitHub remote for folder /workspace/project
2025-02-09 08:14:38.801 [info] Using in-memory cached assignable users.
2025-02-09 08:14:38.807 [info] Review+0> No matching pull request metadata found locally for current branch main
2025-02-09 08:14:38.807 [info] Review+0> No matching pull request metadata found on GitHub for current branch main
2025-02-09 08:14:48.704 [info] Review+0> Validate state in progress
2025-02-09 08:14:48.704 [info] Review+0> Validating state...
2025-02-09 08:14:48.871 [info] Found GitHub remote for folder /workspace/project
2025-02-09 08:14:48.872 [info] Using in-memory cached assignable users.
2025-02-09 08:14:48.878 [info] Review+0> No matching pull request metadata found locally for current branch main
2025-02-09 08:14:48.878 [info] Review+0> No matching pull request metadata found on GitHub for current branch main
2025-02-09 08:14:58.769 [info] Review+0> Validate state in progress
2025-02-09 08:14:58.769 [info] Review+0> Validating state...
2025-02-09 08:14:58.932 [info] Found GitHub remote for folder /workspace/project
2025-02-09 08:14:58.932 [info] Using in-memory cached assignable users.
2025-02-09 08:14:58.938 [info] Review+0> No matching pull request metadata found locally for current branch main
2025-02-09 08:14:58.938 [info] Review+0> No matching pull request metadata found on GitHub for current branch main
2025-02-09 08:15:14.355 [info] Review+0> Validate state in progress
2025-02-09 08:15:14.355 [info] Review+0> Validating state...
2025-02-09 08:15:14.519 [info] Found GitHub remote for folder /workspace/project
2025-02-09 08:15:14.519 [info] Using in-memory cached assignable users.
2025-02-09 08:15:14.525 [info] Review+0> No matching pull request metadata found locally for current branch main
2025-02-09 08:15:14.525 [info] Review+0> No matching pull request metadata found on GitHub for current branch main
2025-02-09 08:15:19.389 [info] Review+0> Validate state in progress
2025-02-09 08:15:19.389 [info] Review+0> Validating state...
2025-02-09 08:15:19.552 [info] Found GitHub remote for folder /workspace/project
2025-02-09 08:15:19.552 [info] Using in-memory cached assignable users.
2025-02-09 08:15:19.558 [info] Review+0> No matching pull request metadata found locally for current branch main
2025-02-09 08:15:19.558 [info] Review+0> No matching pull request metadata found on GitHub for current branch main
2025-02-09 08:15:34.482 [info] Review+0> Validate state in progress
2025-02-09 08:15:34.482 [info] Review+0> Validating state...
2025-02-09 08:15:34.647 [info] Found GitHub remote for folder /workspace/project
2025-02-09 08:15:34.648 [info] Using in-memory cached assignable users.
2025-02-09 08:15:34.653 [info] Review+0> No matching pull request metadata found locally for current branch main
2025-02-09 08:15:34.654 [info] Review+0> No matching pull request metadata found on GitHub for current branch main
2025-02-09 08:15:39.514 [info] Review+0> Validate state in progress
2025-02-09 08:15:39.514 [info] Review+0> Validating state...
2025-02-09 08:15:39.688 [info] Found GitHub remote for folder /workspace/project
2025-02-09 08:15:39.688 [info] Using in-memory cached assignable users.
2025-02-09 08:15:39.694 [info] Review+0> No matching pull request metadata found locally for current branch main
2025-02-09 08:15:39.694 [info] Review+0> No matching pull request metadata found on GitHub for current branch main
2025-02-09 08:15:44.546 [info] Review+0> Validate state in progress
2025-02-09 08:15:44.546 [info] Review+0> Validating state...
2025-02-09 08:15:44.775 [info] Found GitHub remote for folder /workspace/project
2025-02-09 08:15:44.776 [info] Using in-memory cached assignable users.
2025-02-09 08:15:44.782 [info] Review+0> No matching pull request metadata found locally for current branch main
2025-02-09 08:15:44.782 [info] Review+0> No matching pull request metadata found on GitHub for current branch main
2025-02-09 08:19:11.227 [info] Review+0> Validate state in progress
2025-02-09 08:19:11.227 [info] Review+0> Validating state...
2025-02-09 08:19:11.433 [info] Found GitHub remote for folder /workspace/project
2025-02-09 08:19:11.433 [info] Using in-memory cached assignable users.
2025-02-09 08:19:11.439 [info] Review+0> No matching pull request metadata found locally for current branch main
2025-02-09 08:19:11.439 [info] Review+0> No matching pull request metadata found on GitHub for current branch main
2025-02-09 08:19:16.262 [info] Review+0> Validate state in progress
2025-02-09 08:19:16.262 [info] Review+0> Validating state...
2025-02-09 08:19:16.426 [info] Found GitHub remote for folder /workspace/project
2025-02-09 08:19:16.427 [info] Using in-memory cached assignable users.
2025-02-09 08:19:16.433 [info] Review+0> No matching pull request metadata found locally for current branch main
2025-02-09 08:19:16.433 [info] Review+0> No matching pull request metadata found on GitHub for current branch main
2025-02-09 08:19:21.299 [info] Review+0> Validate state in progress
2025-02-09 08:19:21.299 [info] Review+0> Validating state...
2025-02-09 08:19:21.463 [info] Found GitHub remote for folder /workspace/project
2025-02-09 08:19:21.463 [info] Using in-memory cached assignable users.
2025-02-09 08:19:21.469 [info] Review+0> No matching pull request metadata found locally for current branch main
2025-02-09 08:19:21.469 [info] Review+0> No matching pull request metadata found on GitHub for current branch main
2025-02-09 08:20:33.310 [info] Review+0> Validate state in progress
2025-02-09 08:20:33.310 [info] Review+0> Validating state...
2025-02-09 08:20:33.477 [info] Found GitHub remote for folder /workspace/project
2025-02-09 08:20:33.477 [info] Using in-memory cached assignable users.
2025-02-09 08:20:33.483 [info] Review+0> No matching pull request metadata found locally for current branch main
2025-02-09 08:20:33.483 [info] Review+0> No matching pull request metadata found on GitHub for current branch main
2025-02-09 08:20:38.343 [info] Review+0> Validate state in progress
2025-02-09 08:20:38.343 [info] Review+0> Validating state...
2025-02-09 08:20:38.506 [info] Found GitHub remote for folder /workspace/project
2025-02-09 08:20:38.506 [info] Using in-memory cached assignable users.
2025-02-09 08:20:38.513 [info] Review+0> No matching pull request metadata found locally for current branch main
2025-02-09 08:20:38.513 [info] Review+0> No matching pull request metadata found on GitHub for current branch main
2025-02-09 08:20:43.376 [info] Review+0> Validate state in progress
2025-02-09 08:20:43.376 [info] Review+0> Validating state...
2025-02-09 08:20:43.539 [info] Found GitHub remote for folder /workspace/project
2025-02-09 08:20:43.539 [info] Using in-memory cached assignable users.
2025-02-09 08:20:43.545 [info] Review+0> No matching pull request metadata found locally for current branch main
2025-02-09 08:20:43.545 [info] Review+0> No matching pull request metadata found on GitHub for current branch main
2025-02-09 08:21:11.146 [info] Review+0> Validate state in progress
2025-02-09 08:21:11.147 [info] Review+0> Validating state...
2025-02-09 08:21:11.314 [info] Found GitHub remote for folder /workspace/project
2025-02-09 08:21:11.314 [info] Using in-memory cached assignable users.
2025-02-09 08:21:11.321 [info] Review+0> No matching pull request metadata found locally for current branch main
2025-02-09 08:21:11.321 [info] Review+0> No matching pull request metadata found on GitHub for current branch main
2025-02-09 08:22:32.271 [info] Review+0> Validate state in progress
2025-02-09 08:22:32.271 [info] Review+0> Validating state...
2025-02-09 08:22:32.435 [info] Found GitHub remote for folder /workspace/project
2025-02-09 08:22:32.436 [info] Using in-memory cached assignable users.
2025-02-09 08:22:32.442 [info] Review+0> No matching pull request metadata found locally for current branch main
2025-02-09 08:22:32.443 [info] Review+0> No matching pull request metadata found on GitHub for current branch main
2025-02-09 08:22:41.273 [info] Review+0> Validate state in progress
2025-02-09 08:22:41.273 [info] Review+0> Validating state...
2025-02-09 08:22:41.435 [info] Found GitHub remote for folder /workspace/project
2025-02-09 08:22:41.436 [info] Using in-memory cached assignable users.
2025-02-09 08:22:41.441 [info] Review+0> No matching pull request metadata found locally for current branch main
2025-02-09 08:22:41.442 [info] Review+0> No matching pull request metadata found on GitHub for current branch main
2025-02-09 08:22:46.306 [info] Review+0> Validate state in progress
2025-02-09 08:22:46.306 [info] Review+0> Validating state...
2025-02-09 08:22:46.468 [info] Found GitHub remote for folder /workspace/project
2025-02-09 08:22:46.468 [info] Using in-memory cached assignable users.
2025-02-09 08:22:46.474 [info] Review+0> No matching pull request metadata found locally for current branch main
2025-02-09 08:22:46.474 [info] Review+0> No matching pull request metadata found on GitHub for current branch main
2025-02-09 08:23:32.090 [info] Review+0> Validate state in progress
2025-02-09 08:23:32.090 [info] Review+0> Validating state...
2025-02-09 08:23:32.254 [info] Found GitHub remote for folder /workspace/project
2025-02-09 08:23:32.254 [info] Using in-memory cached assignable users.
2025-02-09 08:23:32.260 [info] Review+0> No matching pull request metadata found locally for current branch main
2025-02-09 08:23:32.260 [info] Review+0> No matching pull request metadata found on GitHub for current branch main
2025-02-09 08:23:52.825 [info] Review+0> Validate state in progress
2025-02-09 08:23:52.825 [info] Review+0> Validating state...
2025-02-09 08:23:52.988 [info] Found GitHub remote for folder /workspace/project
2025-02-09 08:23:52.988 [info] Using in-memory cached assignable users.
2025-02-09 08:23:52.995 [info] Review+0> No matching pull request metadata found locally for current branch main
2025-02-09 08:23:52.995 [info] Review+0> No matching pull request metadata found on GitHub for current branch main
2025-02-09 08:24:07.833 [info] Review+0> Validate state in progress
2025-02-09 08:24:07.833 [info] Review+0> Validating state...
2025-02-09 08:24:07.996 [info] Found GitHub remote for folder /workspace/project
2025-02-09 08:24:07.996 [info] Using in-memory cached assignable users.
2025-02-09 08:24:08.002 [info] Review+0> No matching pull request metadata found locally for current branch main
2025-02-09 08:24:08.002 [info] Review+0> No matching pull request metadata found on GitHub for current branch main
2025-02-09 08:28:15.370 [info] Review+0> Validate state in progress
2025-02-09 08:28:15.370 [info] Review+0> Validating state...
2025-02-09 08:28:15.532 [info] Found GitHub remote for folder /workspace/project
2025-02-09 08:28:15.533 [info] Using in-memory cached assignable users.
2025-02-09 08:28:15.539 [info] Review+0> No matching pull request metadata found locally for current branch main
2025-02-09 08:28:15.539 [info] Review+0> No matching pull request metadata found on GitHub for current branch main
2025-02-09 08:30:00.045 [info] Review+0> Validate state in progress
2025-02-09 08:30:00.045 [info] Review+0> Validating state...
2025-02-09 08:30:00.206 [info] Found GitHub remote for folder /workspace/project
2025-02-09 08:30:00.206 [info] Using in-memory cached assignable users.
2025-02-09 08:30:00.212 [info] Review+0> No matching pull request metadata found locally for current branch main
2025-02-09 08:30:00.212 [info] Review+0> No matching pull request metadata found on GitHub for current branch main
2025-02-09 08:31:12.066 [info] Review+0> Validate state in progress
2025-02-09 08:31:12.067 [info] Review+0> Validating state...
2025-02-09 08:31:12.228 [info] Found GitHub remote for folder /workspace/project
2025-02-09 08:31:12.228 [info] Using in-memory cached assignable users.
2025-02-09 08:31:12.235 [info] Review+0> No matching pull request metadata found locally for current branch main
2025-02-09 08:31:12.235 [info] Review+0> No matching pull request metadata found on GitHub for current branch main
2025-02-09 08:31:17.114 [info] Review+0> Validate state in progress
2025-02-09 08:31:17.114 [info] Review+0> Validating state...
2025-02-09 08:31:17.279 [info] Found GitHub remote for folder /workspace/project
2025-02-09 08:31:17.280 [info] Using in-memory cached assignable users.
2025-02-09 08:31:17.288 [info] Review+0> No matching pull request metadata found locally for current branch main
2025-02-09 08:31:17.288 [info] Review+0> No matching pull request metadata found on GitHub for current branch main
2025-02-09 08:37:57.953 [info] Review+0> Validate state in progress
2025-02-09 08:37:57.953 [info] Review+0> Validating state...
2025-02-09 08:37:58.110 [info] Found GitHub remote for folder /workspace/project
2025-02-09 08:37:58.111 [info] Using in-memory cached assignable users.
2025-02-09 08:37:58.121 [info] Review+0> No matching pull request metadata found locally for current branch main
2025-02-09 08:37:58.128 [info] Review+0> No matching pull request metadata found on GitHub for current branch main
2025-02-09 08:38:17.595 [info] Review+0> Validate state in progress
2025-02-09 08:38:17.595 [info] Review+0> Validating state...
2025-02-09 08:38:17.755 [info] Found GitHub remote for folder /workspace/project
2025-02-09 08:38:17.756 [info] Using in-memory cached assignable users.
2025-02-09 08:38:17.766 [info] Review+0> No matching pull request metadata found locally for current branch main
2025-02-09 08:38:17.774 [info] Review+0> No matching pull request metadata found on GitHub for current branch main
2025-02-09 08:41:13.376 [info] Review+0> Validate state in progress
2025-02-09 08:41:13.376 [info] Review+0> Validating state...
2025-02-09 08:41:13.533 [info] Found GitHub remote for folder /workspace/project
2025-02-09 08:41:13.534 [info] Using in-memory cached assignable users.
2025-02-09 08:41:13.543 [info] Review+0> No matching pull request metadata found locally for current branch main
2025-02-09 08:41:13.550 [info] Review+0> No matching pull request metadata found on GitHub for current branch main
2025-02-09 08:41:23.422 [info] Review+0> Validate state in progress
2025-02-09 08:41:23.422 [info] Review+0> Validating state...
2025-02-09 08:41:23.582 [info] Found GitHub remote for folder /workspace/project
2025-02-09 08:41:23.582 [info] Using in-memory cached assignable users.
2025-02-09 08:41:23.592 [info] Review+0> No matching pull request metadata found locally for current branch main
2025-02-09 08:41:23.598 [info] Review+0> No matching pull request metadata found on GitHub for current branch main
2025-02-09 08:41:28.450 [info] Review+0> Validate state in progress
2025-02-09 08:41:28.450 [info] Review+0> Validating state...
2025-02-09 08:41:28.610 [info] Found GitHub remote for folder /workspace/project
2025-02-09 08:41:28.610 [info] Using in-memory cached assignable users.
2025-02-09 08:41:28.621 [info] Review+0> No matching pull request metadata found locally for current branch main
2025-02-09 08:41:28.628 [info] Review+0> No matching pull request metadata found on GitHub for current branch main
2025-02-09 08:41:33.473 [info] Review+0> Validate state in progress
2025-02-09 08:41:33.473 [info] Review+0> Validating state...
2025-02-09 08:41:33.630 [info] Found GitHub remote for folder /workspace/project
2025-02-09 08:41:33.630 [info] Using in-memory cached assignable users.
2025-02-09 08:41:33.640 [info] Review+0> No matching pull request metadata found locally for current branch main
2025-02-09 08:41:33.647 [info] Review+0> No matching pull request metadata found on GitHub for current branch main
2025-02-09 08:42:30.148 [info] Review+0> Validate state in progress
2025-02-09 08:42:30.148 [info] Review+0> Validating state...
2025-02-09 08:42:30.305 [info] Found GitHub remote for folder /workspace/project
2025-02-09 08:42:30.305 [info] Using in-memory cached assignable users.
2025-02-09 08:42:30.314 [info] Review+0> No matching pull request metadata found locally for current branch main
2025-02-09 08:42:30.321 [info] Review+0> No matching pull request metadata found on GitHub for current branch main
2025-02-09 08:42:37.253 [info] Review+0> Validate state in progress
2025-02-09 08:42:37.253 [info] Review+0> Validating state...
2025-02-09 08:42:37.412 [info] Found GitHub remote for folder /workspace/project
2025-02-09 08:42:37.413 [info] Using in-memory cached assignable users.
2025-02-09 08:42:37.422 [info] Review+0> No matching pull request metadata found locally for current branch main
2025-02-09 08:42:37.429 [info] Review+0> No matching pull request metadata found on GitHub for current branch main
2025-02-09 08:42:42.276 [info] Review+0> Validate state in progress
2025-02-09 08:42:42.276 [info] Review+0> Validating state...
2025-02-09 08:42:42.433 [info] Found GitHub remote for folder /workspace/project
2025-02-09 08:42:42.434 [info] Using in-memory cached assignable users.
2025-02-09 08:42:42.445 [info] Review+0> No matching pull request metadata found locally for current branch main
2025-02-09 08:42:42.452 [info] Review+0> No matching pull request metadata found on GitHub for current branch main
2025-02-09 08:42:52.322 [info] Review+0> Validate state in progress
2025-02-09 08:42:52.323 [info] Review+0> Validating state...
2025-02-09 08:42:52.480 [info] Found GitHub remote for folder /workspace/project
2025-02-09 08:42:52.481 [info] Using in-memory cached assignable users.
2025-02-09 08:42:52.490 [info] Review+0> No matching pull request metadata found locally for current branch main
2025-02-09 08:42:52.496 [info] Review+0> No matching pull request metadata found on GitHub for current branch main
2025-02-09 08:43:06.870 [info] Review+0> Validate state in progress
2025-02-09 08:43:06.870 [info] Review+0> Validating state...
2025-02-09 08:43:07.030 [info] Found GitHub remote for folder /workspace/project
2025-02-09 08:43:07.030 [info] Using in-memory cached assignable users.
2025-02-09 08:43:07.041 [info] Review+0> No matching pull request metadata found locally for current branch main
2025-02-09 08:43:07.048 [info] Review+0> No matching pull request metadata found on GitHub for current branch main
2025-02-09 08:43:16.915 [info] Review+0> Validate state in progress
2025-02-09 08:43:16.915 [info] Review+0> Validating state...
2025-02-09 08:43:17.072 [info] Found GitHub remote for folder /workspace/project
2025-02-09 08:43:17.073 [info] Using in-memory cached assignable users.
2025-02-09 08:43:17.084 [info] Review+0> No matching pull request metadata found locally for current branch main
2025-02-09 08:43:17.091 [info] Review+0> No matching pull request metadata found on GitHub for current branch main
2025-02-09 08:43:21.939 [info] Review+0> Validate state in progress
2025-02-09 08:43:21.939 [info] Review+0> Validating state...
2025-02-09 08:43:22.095 [info] Found GitHub remote for folder /workspace/project
2025-02-09 08:43:22.096 [info] Using in-memory cached assignable users.
2025-02-09 08:43:22.105 [info] Review+0> No matching pull request metadata found locally for current branch main
2025-02-09 08:43:22.112 [info] Review+0> No matching pull request metadata found on GitHub for current branch main
2025-02-09 08:52:30.038 [info] Review+0> Validate state in progress
2025-02-09 08:52:30.038 [info] Review+0> Validating state...
2025-02-09 08:52:30.194 [info] Found GitHub remote for folder /workspace/project
2025-02-09 08:52:30.195 [info] Using in-memory cached assignable users.
2025-02-09 08:52:30.204 [info] Review+0> No matching pull request metadata found locally for current branch main
2025-02-09 08:52:30.211 [info] Review+0> No matching pull request metadata found on GitHub for current branch main
2025-02-09 08:52:45.107 [info] Review+0> Validate state in progress
2025-02-09 08:52:45.107 [info] Review+0> Validating state...
2025-02-09 08:52:45.267 [info] Found GitHub remote for folder /workspace/project
2025-02-09 08:52:45.268 [info] Using in-memory cached assignable users.
2025-02-09 08:52:45.278 [info] Review+0> No matching pull request metadata found locally for current branch main
2025-02-09 08:52:45.286 [info] Review+0> No matching pull request metadata found on GitHub for current branch main
2025-02-09 08:52:55.155 [info] Review+0> Validate state in progress
2025-02-09 08:52:55.155 [info] Review+0> Validating state...
2025-02-09 08:52:55.312 [info] Found GitHub remote for folder /workspace/project
2025-02-09 08:52:55.312 [info] Using in-memory cached assignable users.
2025-02-09 08:52:55.322 [info] Review+0> No matching pull request metadata found locally for current branch main
2025-02-09 08:52:55.328 [info] Review+0> No matching pull request metadata found on GitHub for current branch main
2025-02-09 08:57:30.039 [info] Review+0> Validate state in progress
2025-02-09 08:57:30.039 [info] Review+0> Validating state...
2025-02-09 08:57:30.199 [info] Found GitHub remote for folder /workspace/project
2025-02-09 08:57:30.200 [info] Using in-memory cached assignable users.
2025-02-09 08:57:30.210 [info] Review+0> No matching pull request metadata found locally for current branch main
2025-02-09 08:57:30.217 [info] Review+0> No matching pull request metadata found on GitHub for current branch main
2025-02-09 08:57:36.671 [info] Review+0> Validate state in progress
2025-02-09 08:57:36.671 [info] Review+0> Validating state...
2025-02-09 08:57:36.830 [info] Found GitHub remote for folder /workspace/project
2025-02-09 08:57:36.831 [info] Using in-memory cached assignable users.
2025-02-09 08:57:36.841 [info] Review+0> No matching pull request metadata found locally for current branch main
2025-02-09 08:57:36.848 [info] Review+0> No matching pull request metadata found on GitHub for current branch main
2025-02-09 08:57:41.696 [info] Review+0> Validate state in progress
2025-02-09 08:57:41.696 [info] Review+0> Validating state...
2025-02-09 08:57:41.852 [info] Found GitHub remote for folder /workspace/project
2025-02-09 08:57:41.853 [info] Using in-memory cached assignable users.
2025-02-09 08:57:41.863 [info] Review+0> No matching pull request metadata found locally for current branch main
2025-02-09 08:57:41.870 [info] Review+0> No matching pull request metadata found on GitHub for current branch main
2025-02-09 08:57:46.719 [info] Review+0> Validate state in progress
2025-02-09 08:57:46.719 [info] Review+0> Validating state...
2025-02-09 08:57:46.879 [info] Found GitHub remote for folder /workspace/project
2025-02-09 08:57:46.880 [info] Using in-memory cached assignable users.
2025-02-09 08:57:46.889 [info] Review+0> No matching pull request metadata found locally for current branch main
2025-02-09 08:57:46.896 [info] Review+0> No matching pull request metadata found on GitHub for current branch main
2025-02-09 08:58:32.115 [info] Review+0> Validate state in progress
2025-02-09 08:58:32.115 [info] Review+0> Validating state...
2025-02-09 08:58:32.272 [info] Found GitHub remote for folder /workspace/project
2025-02-09 08:58:32.272 [info] Using in-memory cached assignable users.
2025-02-09 08:58:32.282 [info] Review+0> No matching pull request metadata found locally for current branch main
2025-02-09 08:58:32.289 [info] Review+0> No matching pull request metadata found on GitHub for current branch main
2025-02-09 08:58:42.161 [info] Review+0> Validate state in progress
2025-02-09 08:58:42.161 [info] Review+0> Validating state...
2025-02-09 08:58:42.321 [info] Found GitHub remote for folder /workspace/project
2025-02-09 08:58:42.321 [info] Using in-memory cached assignable users.
2025-02-09 08:58:42.331 [info] Review+0> No matching pull request metadata found locally for current branch main
2025-02-09 08:58:42.338 [info] Review+0> No matching pull request metadata found on GitHub for current branch main
2025-02-09 08:58:52.207 [info] Review+0> Validate state in progress
2025-02-09 08:58:52.207 [info] Review+0> Validating state...
2025-02-09 08:58:52.366 [info] Found GitHub remote for folder /workspace/project
2025-02-09 08:58:52.366 [info] Using in-memory cached assignable users.
2025-02-09 08:58:52.377 [info] Review+0> No matching pull request metadata found locally for current branch main
2025-02-09 08:58:52.384 [info] Review+0> No matching pull request metadata found on GitHub for current branch main
2025-02-09 08:58:57.231 [info] Review+0> Validate state in progress
2025-02-09 08:58:57.231 [info] Review+0> Validating state...
2025-02-09 08:58:57.389 [info] Found GitHub remote for folder /workspace/project
2025-02-09 08:58:57.389 [info] Using in-memory cached assignable users.
2025-02-09 08:58:57.400 [info] Review+0> No matching pull request metadata found locally for current branch main
2025-02-09 08:58:57.407 [info] Review+0> No matching pull request metadata found on GitHub for current branch main
2025-02-09 08:59:02.254 [info] Review+0> Validate state in progress
2025-02-09 08:59:02.254 [info] Review+0> Validating state...
2025-02-09 08:59:02.411 [info] Found GitHub remote for folder /workspace/project
2025-02-09 08:59:02.411 [info] Using in-memory cached assignable users.
2025-02-09 08:59:02.421 [info] Review+0> No matching pull request metadata found locally for current branch main
2025-02-09 08:59:02.427 [info] Review+0> No matching pull request metadata found on GitHub for current branch main
2025-02-09 08:59:12.301 [info] Review+0> Validate state in progress
2025-02-09 08:59:12.301 [info] Review+0> Validating state...
2025-02-09 08:59:12.460 [info] Found GitHub remote for folder /workspace/project
2025-02-09 08:59:12.460 [info] Using in-memory cached assignable users.
2025-02-09 08:59:12.470 [info] Review+0> No matching pull request metadata found locally for current branch main
2025-02-09 08:59:12.476 [info] Review+0> No matching pull request metadata found on GitHub for current branch main
2025-02-09 08:59:17.327 [info] Review+0> Validate state in progress
2025-02-09 08:59:17.327 [info] Review+0> Validating state...
2025-02-09 08:59:17.484 [info] Found GitHub remote for folder /workspace/project
2025-02-09 08:59:17.484 [info] Using in-memory cached assignable users.
2025-02-09 08:59:17.494 [info] Review+0> No matching pull request metadata found locally for current branch main
2025-02-09 08:59:17.501 [info] Review+0> No matching pull request metadata found on GitHub for current branch main
2025-02-09 08:59:29.987 [info] Review+0> Validate state in progress
2025-02-09 08:59:29.987 [info] Review+0> Validating state...
2025-02-09 08:59:30.146 [info] Found GitHub remote for folder /workspace/project
2025-02-09 08:59:30.147 [info] Using in-memory cached assignable users.
2025-02-09 08:59:30.156 [info] Review+0> No matching pull request metadata found locally for current branch main
2025-02-09 08:59:30.162 [info] Review+0> No matching pull request metadata found on GitHub for current branch main
2025-02-09 09:14:19.795 [info] Review+0> Validate state in progress
2025-02-09 09:14:19.795 [info] Review+0> Validating state...
2025-02-09 09:14:19.956 [info] Found GitHub remote for folder /workspace/project
2025-02-09 09:14:19.956 [info] Using in-memory cached assignable users.
2025-02-09 09:14:19.965 [info] Review+0> No matching pull request metadata found locally for current branch main
2025-02-09 09:14:19.971 [info] Review+0> No matching pull request metadata found on GitHub for current branch main
2025-02-09 09:14:27.510 [info] Review+0> Validate state in progress
2025-02-09 09:14:27.511 [info] Review+0> Validating state...
2025-02-09 09:14:27.669 [info] Found GitHub remote for folder /workspace/project
2025-02-09 09:14:27.669 [info] Using in-memory cached assignable users.
2025-02-09 09:14:27.679 [info] Review+0> No matching pull request metadata found locally for current branch main
2025-02-09 09:14:27.686 [info] Review+0> No matching pull request metadata found on GitHub for current branch main
2025-02-09 09:18:48.450 [info] Review+0> Validate state in progress
2025-02-09 09:18:48.450 [info] Review+0> Validating state...
2025-02-09 09:18:48.610 [info] Found GitHub remote for folder /workspace/project
2025-02-09 09:18:48.610 [info] Using in-memory cached assignable users.
2025-02-09 09:18:48.619 [info] Review+0> No matching pull request metadata found locally for current branch main
2025-02-09 09:18:48.626 [info] Review+0> No matching pull request metadata found on GitHub for current branch main
2025-02-09 09:18:53.475 [info] Review+0> Validate state in progress
2025-02-09 09:18:53.475 [info] Review+0> Validating state...
2025-02-09 09:18:53.634 [info] Found GitHub remote for folder /workspace/project
2025-02-09 09:18:53.634 [info] Using in-memory cached assignable users.
2025-02-09 09:18:53.643 [info] Review+0> No matching pull request metadata found locally for current branch main
2025-02-09 09:18:53.649 [info] Review+0> No matching pull request metadata found on GitHub for current branch main
2025-02-09 09:19:05.042 [info] Review+0> Validate state in progress
2025-02-09 09:19:05.042 [info] Review+0> Validating state...
2025-02-09 09:19:05.201 [info] Found GitHub remote for folder /workspace/project
2025-02-09 09:19:05.201 [info] Using in-memory cached assignable users.
2025-02-09 09:19:05.212 [info] Review+0> No matching pull request metadata found locally for current branch main
2025-02-09 09:19:05.219 [info] Review+0> No matching pull request metadata found on GitHub for current branch main
2025-02-09 09:19:15.773 [info] Review+0> Validate state in progress
2025-02-09 09:19:15.773 [info] Review+0> Validating state...
2025-02-09 09:19:15.932 [info] Found GitHub remote for folder /workspace/project
2025-02-09 09:19:15.932 [info] Using in-memory cached assignable users.
2025-02-09 09:19:15.942 [info] Review+0> No matching pull request metadata found locally for current branch main
2025-02-09 09:19:15.948 [info] Review+0> No matching pull request metadata found on GitHub for current branch main
2025-02-09 09:22:44.993 [info] Review+0> Validate state in progress
2025-02-09 09:22:44.993 [info] Review+0> Validating state...
2025-02-09 09:22:45.155 [info] Found GitHub remote for folder /workspace/project
2025-02-09 09:22:45.156 [info] Using in-memory cached assignable users.
2025-02-09 09:22:45.165 [info] Review+0> No matching pull request metadata found locally for current branch main
2025-02-09 09:22:45.172 [info] Review+0> No matching pull request metadata found on GitHub for current branch main
2025-02-09 09:22:50.014 [info] Review+0> Validate state in progress
2025-02-09 09:22:50.014 [info] Review+0> Validating state...
2025-02-09 09:22:50.175 [info] Found GitHub remote for folder /workspace/project
2025-02-09 09:22:50.175 [info] Using in-memory cached assignable users.
2025-02-09 09:22:50.185 [info] Review+0> No matching pull request metadata found locally for current branch main
2025-02-09 09:22:50.191 [info] Review+0> No matching pull request metadata found on GitHub for current branch main
2025-02-09 09:23:32.438 [info] Review+0> Validate state in progress
2025-02-09 09:23:32.438 [info] Review+0> Validating state...
2025-02-09 09:23:32.599 [info] Found GitHub remote for folder /workspace/project
2025-02-09 09:23:32.600 [info] Using in-memory cached assignable users.
2025-02-09 09:23:32.609 [info] Review+0> No matching pull request metadata found locally for current branch main
2025-02-09 09:23:32.615 [info] Review+0> No matching pull request metadata found on GitHub for current branch main
2025-02-09 09:25:06.433 [info] Review+0> Validate state in progress
2025-02-09 09:25:06.433 [info] Review+0> Validating state...
2025-02-09 09:25:06.656 [info] Found GitHub remote for folder /workspace/project
2025-02-09 09:25:06.657 [info] Using in-memory cached assignable users.
2025-02-09 09:25:06.666 [info] Review+0> No matching pull request metadata found locally for current branch main
2025-02-09 09:25:06.673 [info] Review+0> No matching pull request metadata found on GitHub for current branch main
2025-02-09 09:25:11.460 [info] Review+0> Validate state in progress
2025-02-09 09:25:11.460 [info] Review+0> Validating state...
2025-02-09 09:25:11.622 [info] Found GitHub remote for folder /workspace/project
2025-02-09 09:25:11.622 [info] Using in-memory cached assignable users.
2025-02-09 09:25:11.632 [info] Review+0> No matching pull request metadata found locally for current branch main
2025-02-09 09:25:11.639 [info] Review+0> No matching pull request metadata found on GitHub for current branch main
2025-02-09 09:25:35.046 [info] Review+0> Validate state in progress
2025-02-09 09:25:35.046 [info] Review+0> Validating state...
2025-02-09 09:25:35.249 [info] Found GitHub remote for folder /workspace/project
2025-02-09 09:25:35.250 [info] Using in-memory cached assignable users.
2025-02-09 09:25:35.260 [info] Review+0> No matching pull request metadata found locally for current branch main
2025-02-09 09:25:35.268 [info] Review+0> No matching pull request metadata found on GitHub for current branch main
2025-02-09 09:25:41.472 [info] Review+0> Validate state in progress
2025-02-09 09:25:41.472 [info] Review+0> Validating state...
2025-02-09 09:25:41.633 [info] Found GitHub remote for folder /workspace/project
2025-02-09 09:25:41.633 [info] Using in-memory cached assignable users.
2025-02-09 09:25:41.644 [info] Review+0> No matching pull request metadata found locally for current branch main
2025-02-09 09:25:41.651 [info] Review+0> No matching pull request metadata found on GitHub for current branch main
2025-02-09 09:25:46.497 [info] Review+0> Validate state in progress
2025-02-09 09:25:46.497 [info] Review+0> Validating state...
2025-02-09 09:25:46.682 [info] Found GitHub remote for folder /workspace/project
2025-02-09 09:25:46.682 [info] Using in-memory cached assignable users.
2025-02-09 09:25:46.692 [info] Review+0> No matching pull request metadata found locally for current branch main
2025-02-09 09:25:46.699 [info] Review+0> No matching pull request metadata found on GitHub for current branch main
2025-02-09 09:26:00.041 [info] Review+0> Validate state in progress
2025-02-09 09:26:00.041 [info] Review+0> Validating state...
2025-02-09 09:26:00.201 [info] Found GitHub remote for folder /workspace/project
2025-02-09 09:26:00.201 [info] Using in-memory cached assignable users.
2025-02-09 09:26:00.211 [info] Review+0> No matching pull request metadata found locally for current branch main
2025-02-09 09:26:00.217 [info] Review+0> No matching pull request metadata found on GitHub for current branch main
2025-02-09 09:26:26.774 [info] Review+0> Validate state in progress
2025-02-09 09:26:26.774 [info] Review+0> Validating state...
2025-02-09 09:26:26.935 [info] Found GitHub remote for folder /workspace/project
2025-02-09 09:26:26.935 [info] Using in-memory cached assignable users.
2025-02-09 09:26:26.946 [info] Review+0> No matching pull request metadata found locally for current branch main
2025-02-09 09:26:26.953 [info] Review+0> No matching pull request metadata found on GitHub for current branch main
2025-02-09 09:28:35.565 [info] Review+0> Validate state in progress
2025-02-09 09:28:35.566 [info] Review+0> Validating state...
2025-02-09 09:28:35.797 [info] Found GitHub remote for folder /workspace/project
2025-02-09 09:28:35.797 [info] Using in-memory cached assignable users.
2025-02-09 09:28:35.807 [info] Review+0> No matching pull request metadata found locally for current branch main
2025-02-09 09:28:35.813 [info] Review+0> No matching pull request metadata found on GitHub for current branch main
2025-02-09 09:28:40.592 [info] Review+0> Validate state in progress
2025-02-09 09:28:40.592 [info] Review+0> Validating state...
2025-02-09 09:28:40.757 [info] Found GitHub remote for folder /workspace/project
2025-02-09 09:28:40.757 [info] Using in-memory cached assignable users.
2025-02-09 09:28:40.768 [info] Review+0> No matching pull request metadata found locally for current branch main
2025-02-09 09:28:40.775 [info] Review+0> No matching pull request metadata found on GitHub for current branch main
2025-02-09 09:29:01.366 [info] Review+0> Validate state in progress
2025-02-09 09:29:01.366 [info] Review+0> Validating state...
2025-02-09 09:29:01.527 [info] Found GitHub remote for folder /workspace/project
2025-02-09 09:29:01.527 [info] Using in-memory cached assignable users.
2025-02-09 09:29:01.536 [info] Review+0> No matching pull request metadata found locally for current branch main
2025-02-09 09:29:01.543 [info] Review+0> No matching pull request metadata found on GitHub for current branch main
2025-02-09 09:29:11.411 [info] Review+0> Validate state in progress
2025-02-09 09:29:11.411 [info] Review+0> Validating state...
2025-02-09 09:29:11.593 [info] Found GitHub remote for folder /workspace/project
2025-02-09 09:29:11.593 [info] Using in-memory cached assignable users.
2025-02-09 09:29:11.603 [info] Review+0> No matching pull request metadata found locally for current branch main
2025-02-09 09:29:11.609 [info] Review+0> No matching pull request metadata found on GitHub for current branch main
2025-02-09 09:29:16.433 [info] Review+0> Validate state in progress
2025-02-09 09:29:16.433 [info] Review+0> Validating state...
2025-02-09 09:29:16.608 [info] Found GitHub remote for folder /workspace/project
2025-02-09 09:29:16.608 [info] Using in-memory cached assignable users.
2025-02-09 09:29:16.617 [info] Review+0> No matching pull request metadata found locally for current branch main
2025-02-09 09:29:16.623 [info] Review+0> No matching pull request metadata found on GitHub for current branch main
2025-02-09 09:29:21.457 [info] Review+0> Validate state in progress
2025-02-09 09:29:21.457 [info] Review+0> Validating state...
2025-02-09 09:29:21.626 [info] Found GitHub remote for folder /workspace/project
2025-02-09 09:29:21.626 [info] Using in-memory cached assignable users.
2025-02-09 09:29:21.635 [info] Review+0> No matching pull request metadata found locally for current branch main
2025-02-09 09:29:21.642 [info] Review+0> No matching pull request metadata found on GitHub for current branch main
2025-02-09 09:30:48.914 [info] Review+0> Validate state in progress
2025-02-09 09:30:48.914 [info] Review+0> Validating state...
2025-02-09 09:30:49.076 [info] Found GitHub remote for folder /workspace/project
2025-02-09 09:30:49.076 [info] Using in-memory cached assignable users.
2025-02-09 09:30:49.086 [info] Review+0> No matching pull request metadata found locally for current branch main
2025-02-09 09:30:49.092 [info] Review+0> No matching pull request metadata found on GitHub for current branch main
2025-02-09 09:30:53.938 [info] Review+0> Validate state in progress
2025-02-09 09:30:53.938 [info] Review+0> Validating state...
2025-02-09 09:30:54.097 [info] Found GitHub remote for folder /workspace/project
2025-02-09 09:30:54.098 [info] Using in-memory cached assignable users.
2025-02-09 09:30:54.108 [info] Review+0> No matching pull request metadata found locally for current branch main
2025-02-09 09:30:54.116 [info] Review+0> No matching pull request metadata found on GitHub for current branch main
2025-02-09 09:31:13.502 [info] Review+0> Validate state in progress
2025-02-09 09:31:13.502 [info] Review+0> Validating state...
2025-02-09 09:31:13.663 [info] Found GitHub remote for folder /workspace/project
2025-02-09 09:31:13.663 [info] Using in-memory cached assignable users.
2025-02-09 09:31:13.672 [info] Review+0> No matching pull request metadata found locally for current branch main
2025-02-09 09:31:13.679 [info] Review+0> No matching pull request metadata found on GitHub for current branch main
2025-02-09 09:32:34.331 [info] Review+0> Validate state in progress
2025-02-09 09:32:34.331 [info] Review+0> Validating state...
2025-02-09 09:32:34.557 [info] Found GitHub remote for folder /workspace/project
2025-02-09 09:32:34.557 [info] Using in-memory cached assignable users.
2025-02-09 09:32:34.566 [info] Review+0> No matching pull request metadata found locally for current branch main
2025-02-09 09:32:34.572 [info] Review+0> No matching pull request metadata found on GitHub for current branch main
2025-02-09 09:32:39.354 [info] Review+0> Validate state in progress
2025-02-09 09:32:39.354 [info] Review+0> Validating state...
2025-02-09 09:32:39.513 [info] Found GitHub remote for folder /workspace/project
2025-02-09 09:32:39.514 [info] Using in-memory cached assignable users.
2025-02-09 09:32:39.523 [info] Review+0> No matching pull request metadata found locally for current branch main
2025-02-09 09:32:39.530 [info] Review+0> No matching pull request metadata found on GitHub for current branch main
2025-02-09 09:32:51.041 [info] Review+0> Validate state in progress
2025-02-09 09:32:51.041 [info] Review+0> Validating state...
2025-02-09 09:32:51.247 [info] Found GitHub remote for folder /workspace/project
2025-02-09 09:32:51.247 [info] Using in-memory cached assignable users.
2025-02-09 09:32:51.257 [info] Review+0> No matching pull request metadata found locally for current branch main
2025-02-09 09:32:51.264 [info] Review+0> No matching pull request metadata found on GitHub for current branch main
2025-02-09 09:33:03.634 [info] Review+0> Validate state in progress
2025-02-09 09:33:03.634 [info] Review+0> Validating state...
2025-02-09 09:33:03.795 [info] Found GitHub remote for folder /workspace/project
2025-02-09 09:33:03.795 [info] Using in-memory cached assignable users.
2025-02-09 09:33:03.805 [info] Review+0> No matching pull request metadata found locally for current branch main
2025-02-09 09:33:03.811 [info] Review+0> No matching pull request metadata found on GitHub for current branch main
2025-02-09 09:33:08.657 [info] Review+0> Validate state in progress
2025-02-09 09:33:08.657 [info] Review+0> Validating state...
2025-02-09 09:33:08.826 [info] Found GitHub remote for folder /workspace/project
2025-02-09 09:33:08.826 [info] Using in-memory cached assignable users.
2025-02-09 09:33:08.835 [info] Review+0> No matching pull request metadata found locally for current branch main
2025-02-09 09:33:08.842 [info] Review+0> No matching pull request metadata found on GitHub for current branch main
2025-02-09 09:33:13.683 [info] Review+0> Validate state in progress
2025-02-09 09:33:13.683 [info] Review+0> Validating state...
2025-02-09 09:33:13.848 [info] Found GitHub remote for folder /workspace/project
2025-02-09 09:33:13.848 [info] Using in-memory cached assignable users.
2025-02-09 09:33:13.858 [info] Review+0> No matching pull request metadata found locally for current branch main
2025-02-09 09:33:13.866 [info] Review+0> No matching pull request metadata found on GitHub for current branch main
2025-02-09 09:33:25.040 [info] Review+0> Validate state in progress
2025-02-09 09:33:25.040 [info] Review+0> Validating state...
2025-02-09 09:33:25.201 [info] Found GitHub remote for folder /workspace/project
2025-02-09 09:33:25.201 [info] Using in-memory cached assignable users.
2025-02-09 09:33:25.212 [info] Review+0> No matching pull request metadata found locally for current branch main
2025-02-09 09:33:25.220 [info] Review+0> No matching pull request metadata found on GitHub for current branch main
2025-02-09 09:33:31.319 [info] Review+0> Validate state in progress
2025-02-09 09:33:31.319 [info] Review+0> Validating state...
2025-02-09 09:33:31.480 [info] Found GitHub remote for folder /workspace/project
2025-02-09 09:33:31.480 [info] Using in-memory cached assignable users.
2025-02-09 09:33:31.489 [info] Review+0> No matching pull request metadata found locally for current branch main
2025-02-09 09:33:31.496 [info] Review+0> No matching pull request metadata found on GitHub for current branch main
2025-02-09 09:33:41.364 [info] Review+0> Validate state in progress
2025-02-09 09:33:41.364 [info] Review+0> Validating state...
2025-02-09 09:33:41.526 [info] Found GitHub remote for folder /workspace/project
2025-02-09 09:33:41.527 [info] Using in-memory cached assignable users.
2025-02-09 09:33:41.538 [info] Review+0> No matching pull request metadata found locally for current branch main
2025-02-09 09:33:41.546 [info] Review+0> No matching pull request metadata found on GitHub for current branch main
2025-02-09 09:33:55.153 [info] Review+0> Validate state in progress
2025-02-09 09:33:55.153 [info] Review+0> Validating state...
2025-02-09 09:33:55.316 [info] Found GitHub remote for folder /workspace/project
2025-02-09 09:33:55.316 [info] Using in-memory cached assignable users.
2025-02-09 09:33:55.326 [info] Review+0> No matching pull request metadata found locally for current branch main
2025-02-09 09:33:55.332 [info] Review+0> No matching pull request metadata found on GitHub for current branch main
2025-02-09 09:34:00.421 [info] Review+0> Validate state in progress
2025-02-09 09:34:00.421 [info] Review+0> Validating state...
2025-02-09 09:34:00.583 [info] Found GitHub remote for folder /workspace/project
2025-02-09 09:34:00.584 [info] Using in-memory cached assignable users.
2025-02-09 09:34:00.593 [info] Review+0> No matching pull request metadata found locally for current branch main
2025-02-09 09:34:00.600 [info] Review+0> No matching pull request metadata found on GitHub for current branch main
2025-02-09 09:34:10.464 [info] Review+0> Validate state in progress
2025-02-09 09:34:10.464 [info] Review+0> Validating state...
2025-02-09 09:34:10.625 [info] Found GitHub remote for folder /workspace/project
2025-02-09 09:34:10.625 [info] Using in-memory cached assignable users.
2025-02-09 09:34:10.636 [info] Review+0> No matching pull request metadata found locally for current branch main
2025-02-09 09:34:10.643 [info] Review+0> No matching pull request metadata found on GitHub for current branch main
2025-02-09 09:34:24.434 [info] Review+0> Validate state in progress
2025-02-09 09:34:24.434 [info] Review+0> Validating state...
2025-02-09 09:34:24.681 [info] Found GitHub remote for folder /workspace/project
2025-02-09 09:34:24.682 [info] Using in-memory cached assignable users.
2025-02-09 09:34:24.692 [info] Review+0> No matching pull request metadata found locally for current branch main
2025-02-09 09:34:24.700 [info] Review+0> No matching pull request metadata found on GitHub for current branch main
2025-02-09 09:34:29.458 [info] Review+0> Validate state in progress
2025-02-09 09:34:29.458 [info] Review+0> Validating state...
2025-02-09 09:34:29.620 [info] Found GitHub remote for folder /workspace/project
2025-02-09 09:34:29.620 [info] Using in-memory cached assignable users.
2025-02-09 09:34:29.631 [info] Review+0> No matching pull request metadata found locally for current branch main
2025-02-09 09:34:29.640 [info] Review+0> No matching pull request metadata found on GitHub for current branch main
2025-02-09 09:35:14.844 [info] Review+0> Validate state in progress
2025-02-09 09:35:14.844 [info] Review+0> Validating state...
2025-02-09 09:35:15.030 [info] Found GitHub remote for folder /workspace/project
2025-02-09 09:35:15.031 [info] Using in-memory cached assignable users.
2025-02-09 09:35:15.040 [info] Review+0> No matching pull request metadata found locally for current branch main
2025-02-09 09:35:15.046 [info] Review+0> No matching pull request metadata found on GitHub for current branch main
2025-02-09 09:35:19.869 [info] Review+0> Validate state in progress
2025-02-09 09:35:19.869 [info] Review+0> Validating state...
2025-02-09 09:35:20.064 [info] Found GitHub remote for folder /workspace/project
2025-02-09 09:35:20.065 [info] Using in-memory cached assignable users.
2025-02-09 09:35:20.075 [info] Review+0> No matching pull request metadata found locally for current branch main
2025-02-09 09:35:20.081 [info] Review+0> No matching pull request metadata found on GitHub for current branch main
2025-02-09 09:35:24.892 [info] Review+0> Validate state in progress
2025-02-09 09:35:24.892 [info] Review+0> Validating state...
2025-02-09 09:35:25.055 [info] Found GitHub remote for folder /workspace/project
2025-02-09 09:35:25.055 [info] Using in-memory cached assignable users.
2025-02-09 09:35:25.065 [info] Review+0> No matching pull request metadata found locally for current branch main
2025-02-09 09:35:25.071 [info] Review+0> No matching pull request metadata found on GitHub for current branch main
2025-02-09 09:35:40.504 [info] Review+0> Validate state in progress
2025-02-09 09:35:40.504 [info] Review+0> Validating state...
2025-02-09 09:35:40.665 [info] Found GitHub remote for folder /workspace/project
2025-02-09 09:35:40.665 [info] Using in-memory cached assignable users.
2025-02-09 09:35:40.676 [info] Review+0> No matching pull request metadata found locally for current branch main
2025-02-09 09:35:40.683 [info] Review+0> No matching pull request metadata found on GitHub for current branch main
2025-02-09 09:35:45.527 [info] Review+0> Validate state in progress
2025-02-09 09:35:45.527 [info] Review+0> Validating state...
2025-02-09 09:35:45.688 [info] Found GitHub remote for folder /workspace/project
2025-02-09 09:35:45.688 [info] Using in-memory cached assignable users.
2025-02-09 09:35:45.698 [info] Review+0> No matching pull request metadata found locally for current branch main
2025-02-09 09:35:45.705 [info] Review+0> No matching pull request metadata found on GitHub for current branch main
2025-02-09 09:35:51.266 [info] Review+0> Validate state in progress
2025-02-09 09:35:51.266 [info] Review+0> Validating state...
2025-02-09 09:35:51.427 [info] Found GitHub remote for folder /workspace/project
2025-02-09 09:35:51.427 [info] Using in-memory cached assignable users.
2025-02-09 09:35:51.438 [info] Review+0> No matching pull request metadata found locally for current branch main
2025-02-09 09:35:51.444 [info] Review+0> No matching pull request metadata found on GitHub for current branch main
2025-02-09 09:35:56.289 [info] Review+0> Validate state in progress
2025-02-09 09:35:56.289 [info] Review+0> Validating state...
2025-02-09 09:35:56.450 [info] Found GitHub remote for folder /workspace/project
2025-02-09 09:35:56.450 [info] Using in-memory cached assignable users.
2025-02-09 09:35:56.460 [info] Review+0> No matching pull request metadata found locally for current branch main
2025-02-09 09:35:56.466 [info] Review+0> No matching pull request metadata found on GitHub for current branch main
