2025-02-09 07:49:26.473 [info] Log level: Info
2025-02-09 07:49:26.482 [info] VSCODE_MACHINE_ID: b0d7df1a-946b-4558-b08c-65833c57db24
2025-02-09 07:49:26.482 [info] VSCODE_SESSION_ID: 84e1407f-0ee8-40d4-8900-eec50e8e3e3c1739087361250
2025-02-09 07:49:26.482 [info] VSCODE_VERSION: 1.96.3
2025-02-09 07:49:26.482 [info] VSCODE_APP_NAME: Gitpod Code
2025-02-09 07:49:26.482 [info] VSCODE_APP_HOST: Gitpod
2025-02-09 07:49:26.482 [info] VSCODE_UI_KIND: web
2025-02-09 07:49:26.482 [info] GITPOD_WORKSPACE_CONTEXT_URL: https://github.com/freeCodeCamp/learn-bash-by-building-a-boilerplate
2025-02-09 07:49:26.482 [info] GITPOD_INSTANCE_ID: fa8a771d-a915-426f-af6d-5455d5a0f583
2025-02-09 07:49:26.482 [info] GITPOD_WORKSPACE_URL: https://freecodecam-learnbashby-rd8j7mwp2yd.ws-us117.gitpod.io
2025-02-09 07:49:26.488 [info] Gitpod Web 3953e81
2025-02-09 07:49:26.488 [info] Reading sessions from keychain...
2025-02-09 07:49:26.662 [info] Getting sessions for all scopes...
2025-02-09 07:49:26.663 [info] Getting sessions for all scopes...
2025-02-09 07:49:26.663 [info] Getting GitHub sessions for all scopes...
2025-02-09 07:49:26.663 [info] Getting sessions for function:accessCodeSyncStorage...
2025-02-09 07:49:26.663 [info] Got stored sessions!
2025-02-09 07:49:26.663 [info] Verified session with the following scopes: function:accessCodeSyncStorage function:closePort function:controlAdmission function:deleteEnvVar function:generateNewGitpodToken function:getDefaultWorkspaceImage function:getGitpodTokenScopes function:getIDToken function:getLoggedInUser function:getOpenPorts function:getSupportedWorkspaceClasses function:getTeams function:getToken function:getWorkspace function:getWorkspaceEnvVars function:getWorkspaceOwner function:getWorkspaceTimeout function:getWorkspaceUsers function:guessGitTokenScopes function:isWorkspaceOwner function:openPort function:sendHeartBeat function:setEnvVar function:setWorkspaceTimeout function:stopWorkspace function:takeSnapshot function:trackEvent function:updateGitStatus function:waitForSnapshot resource:contentBlob::*::create/get resource:envVar::*/**::update resource:envVar::*/*::update resource:envVar::freeCodeCamp/learn-bash-by-building-a-boilerplate::create/get/update/delete resource:gitpodToken::*::create resource:snapshot::ws-freecodecam-learnbashby-rd8j7mwp2yd::create resource:token::*::get resource:userStorage::*::create/get/update resource:workspace::freecodecam-learnbashby-rd8j7mwp2yd::get/update resource:workspaceInstance::fa8a771d-a915-426f-af6d-5455d5a0f583::get/update/delete
2025-02-09 07:49:26.663 [info] Got 1 verified sessions.
2025-02-09 07:49:26.663 [info] Got 1 sessions for all scopes...
2025-02-09 07:49:26.663 [info] Got 1 sessions for all scopes...
2025-02-09 07:49:26.663 [info] Got 1 sessions for function:accessCodeSyncStorage...
2025-02-09 07:49:26.752 [info] Got 1 GitHub sessions for all scopes...
2025-02-09 07:49:26.916 [info] Getting GitHub sessions for all scopes...
2025-02-09 07:49:26.917 [info] Getting sessions for all scopes...
2025-02-09 07:49:26.917 [info] Got 1 GitHub sessions for all scopes...
2025-02-09 07:49:26.917 [info] Got 1 sessions for all scopes...
2025-02-09 07:49:27.033 [info] Getting GitHub sessions for all scopes...
2025-02-09 07:49:27.139 [info] Got 1 GitHub sessions for all scopes...
2025-02-09 07:49:27.556 [info] Getting GitHub sessions for read:user,repo,user:email,workflow...
2025-02-09 07:49:27.556 [info] Got 0 GitHub sessions for read:user,repo,user:email,workflow...
2025-02-09 07:49:28.338 [info] Getting GitHub sessions for project,read:org,read:user,repo,user:email,workflow...
2025-02-09 07:49:28.338 [info] Got 0 GitHub sessions for project,read:org,read:user,repo,user:email,workflow...
2025-02-09 07:49:28.825 [info] Getting GitHub sessions for read:user,repo,user:email,workflow...
2025-02-09 07:49:28.825 [info] Got 0 GitHub sessions for read:user,repo,user:email,workflow...
2025-02-09 07:49:29.310 [info] Getting GitHub sessions for read:user,repo,user:email...
2025-02-09 07:49:29.310 [info] Got 0 GitHub sessions for read:user,repo,user:email...
2025-02-09 07:49:29.794 [info] Getting GitHub sessions for read:user,repo,user:email,workflow...
2025-02-09 07:49:29.794 [info] Got 0 GitHub sessions for read:user,repo,user:email,workflow...
