2025-02-09 12:51:51.584 [warning] /home/gitpod/.ssh/config: ENOENT: no such file or directory, open '/home/gitpod/.ssh/config'
2025-02-09 12:51:51.584 [info] Activation> Extension version: 0.102.0
2025-02-09 12:51:53.885 [info] Looking for git repository
2025-02-09 12:51:53.885 [info] Found 0 repositories during activation
2025-02-09 12:51:53.885 [info] Git repository found, initializing review manager and pr tree view.
2025-02-09 12:51:53.891 [info] Registering git provider
2025-02-09 12:51:53.891 [info] Review+0> Validate state in progress
2025-02-09 12:51:53.891 [info] Review+0> Validating state...
2025-02-09 12:51:54.067 [info] Found GitHub remote for folder /workspace/project
2025-02-09 12:51:54.070 [info] Trying to use globalState for assignableUsers.
2025-02-09 12:51:54.086 [info] Review+0> No matching pull request metadata found locally for current branch main
2025-02-09 12:51:54.099 [info] Review+0> No matching pull request metadata found on GitHub for current branch main
2025-02-09 12:51:54.250 [info] GlobalState does not exist for assignableUsers.
2025-02-09 12:52:05.629 [info] Repo state for file:///workspace/project changed.
2025-02-09 12:52:05.629 [info] Repo file:///workspace/project has already been setup.
2025-02-09 12:55:32.935 [info] Review+0> Validate state in progress
2025-02-09 12:55:32.935 [info] Review+0> Validating state...
2025-02-09 12:55:33.106 [info] Found GitHub remote for folder /workspace/project
2025-02-09 12:55:33.106 [info] Using in-memory cached assignable users.
2025-02-09 12:55:33.119 [info] Review+0> No matching pull request metadata found locally for current branch main
2025-02-09 12:55:33.127 [info] Review+0> No matching pull request metadata found on GitHub for current branch main
2025-02-09 12:55:38.991 [info] Review+0> Validate state in progress
2025-02-09 12:55:38.991 [info] Review+0> Validating state...
2025-02-09 12:55:39.201 [info] Found GitHub remote for folder /workspace/project
2025-02-09 12:55:39.202 [info] Using in-memory cached assignable users.
2025-02-09 12:55:39.211 [info] Review+0> No matching pull request metadata found locally for current branch main
2025-02-09 12:55:39.219 [info] Review+0> No matching pull request metadata found on GitHub for current branch main
2025-02-09 12:56:13.643 [info] Review+0> Validate state in progress
2025-02-09 12:56:13.643 [info] Review+0> Validating state...
2025-02-09 12:56:13.808 [info] Found GitHub remote for folder /workspace/project
2025-02-09 12:56:13.808 [info] Using in-memory cached assignable users.
2025-02-09 12:56:13.817 [info] Review+0> No matching pull request metadata found locally for current branch main
2025-02-09 12:56:13.824 [info] Review+0> No matching pull request metadata found on GitHub for current branch main
2025-02-09 12:57:23.855 [info] Review+0> Validate state in progress
2025-02-09 12:57:23.855 [info] Review+0> Validating state...
2025-02-09 12:57:24.106 [info] Found GitHub remote for folder /workspace/project
2025-02-09 12:57:24.106 [info] Using in-memory cached assignable users.
2025-02-09 12:57:24.117 [info] Review+0> No matching pull request metadata found locally for current branch main
2025-02-09 12:57:24.125 [info] Review+0> No matching pull request metadata found on GitHub for current branch main
2025-02-09 12:57:38.542 [info] Review+0> Validate state in progress
2025-02-09 12:57:38.542 [info] Review+0> Validating state...
2025-02-09 12:57:38.711 [info] Found GitHub remote for folder /workspace/project
2025-02-09 12:57:38.712 [info] Using in-memory cached assignable users.
2025-02-09 12:57:38.722 [info] Review+0> No matching pull request metadata found locally for current branch main
2025-02-09 12:57:38.731 [info] Review+0> No matching pull request metadata found on GitHub for current branch main
2025-02-09 12:57:43.565 [info] Review+0> Validate state in progress
2025-02-09 12:57:43.565 [info] Review+0> Validating state...
2025-02-09 12:57:43.805 [info] Found GitHub remote for folder /workspace/project
2025-02-09 12:57:43.806 [info] Using in-memory cached assignable users.
2025-02-09 12:57:43.817 [info] Review+0> No matching pull request metadata found locally for current branch main
2025-02-09 12:57:43.825 [info] Review+0> No matching pull request metadata found on GitHub for current branch main
2025-02-09 12:57:59.700 [info] Review+0> Validate state in progress
2025-02-09 12:57:59.700 [info] Review+0> Validating state...
2025-02-09 12:57:59.869 [info] Found GitHub remote for folder /workspace/project
2025-02-09 12:57:59.869 [info] Using in-memory cached assignable users.
2025-02-09 12:57:59.881 [info] Review+0> No matching pull request metadata found locally for current branch main
2025-02-09 12:57:59.889 [info] Review+0> No matching pull request metadata found on GitHub for current branch main
2025-02-09 12:58:46.069 [info] Review+0> Validate state in progress
2025-02-09 12:58:46.069 [info] Review+0> Validating state...
2025-02-09 12:58:46.325 [info] Found GitHub remote for folder /workspace/project
2025-02-09 12:58:46.325 [info] Using in-memory cached assignable users.
2025-02-09 12:58:46.335 [info] Review+0> No matching pull request metadata found locally for current branch main
2025-02-09 12:58:46.341 [info] Review+0> No matching pull request metadata found on GitHub for current branch main
2025-02-09 13:00:05.772 [info] Review+0> Validate state in progress
2025-02-09 13:00:05.772 [info] Review+0> Validating state...
2025-02-09 13:00:05.936 [info] Found GitHub remote for folder /workspace/project
2025-02-09 13:00:05.936 [info] Using in-memory cached assignable users.
2025-02-09 13:00:05.947 [info] Review+0> No matching pull request metadata found locally for current branch main
2025-02-09 13:00:05.954 [info] Review+0> No matching pull request metadata found on GitHub for current branch main
2025-02-09 13:00:10.798 [info] Review+0> Validate state in progress
2025-02-09 13:00:10.798 [info] Review+0> Validating state...
2025-02-09 13:00:11.014 [info] Found GitHub remote for folder /workspace/project
2025-02-09 13:00:11.015 [info] Using in-memory cached assignable users.
2025-02-09 13:00:11.026 [info] Review+0> No matching pull request metadata found locally for current branch main
2025-02-09 13:00:11.034 [info] Review+0> No matching pull request metadata found on GitHub for current branch main
2025-02-09 13:02:08.411 [info] Review+0> Validate state in progress
2025-02-09 13:02:08.411 [info] Review+0> Validating state...
2025-02-09 13:02:08.576 [info] Found GitHub remote for folder /workspace/project
2025-02-09 13:02:08.576 [info] Using in-memory cached assignable users.
2025-02-09 13:02:08.586 [info] Review+0> No matching pull request metadata found locally for current branch main
2025-02-09 13:02:08.593 [info] Review+0> No matching pull request metadata found on GitHub for current branch main
2025-02-09 13:02:23.478 [info] Review+0> Validate state in progress
2025-02-09 13:02:23.478 [info] Review+0> Validating state...
2025-02-09 13:02:23.644 [info] Found GitHub remote for folder /workspace/project
2025-02-09 13:02:23.644 [info] Using in-memory cached assignable users.
2025-02-09 13:02:23.655 [info] Review+0> No matching pull request metadata found locally for current branch main
2025-02-09 13:02:23.663 [info] Review+0> No matching pull request metadata found on GitHub for current branch main
2025-02-09 13:02:28.502 [info] Review+0> Validate state in progress
2025-02-09 13:02:28.502 [info] Review+0> Validating state...
2025-02-09 13:02:28.714 [info] Found GitHub remote for folder /workspace/project
2025-02-09 13:02:28.714 [info] Using in-memory cached assignable users.
2025-02-09 13:02:28.724 [info] Review+0> No matching pull request metadata found locally for current branch main
2025-02-09 13:02:28.731 [info] Review+0> No matching pull request metadata found on GitHub for current branch main
2025-02-09 13:02:45.810 [info] Review+0> Validate state in progress
2025-02-09 13:02:45.810 [info] Review+0> Validating state...
2025-02-09 13:02:45.973 [info] Found GitHub remote for folder /workspace/project
2025-02-09 13:02:45.973 [info] Using in-memory cached assignable users.
2025-02-09 13:02:45.984 [info] Review+0> No matching pull request metadata found locally for current branch main
2025-02-09 13:02:45.992 [info] Review+0> No matching pull request metadata found on GitHub for current branch main
2025-02-09 13:03:12.618 [info] Review+0> Validate state in progress
2025-02-09 13:03:12.618 [info] Review+0> Validating state...
2025-02-09 13:03:12.780 [info] Found GitHub remote for folder /workspace/project
2025-02-09 13:03:12.780 [info] Using in-memory cached assignable users.
2025-02-09 13:03:12.790 [info] Review+0> No matching pull request metadata found locally for current branch main
2025-02-09 13:03:12.797 [info] Review+0> No matching pull request metadata found on GitHub for current branch main
2025-02-09 13:04:47.577 [info] Review+0> Validate state in progress
2025-02-09 13:04:47.577 [info] Review+0> Validating state...
2025-02-09 13:04:47.744 [info] Found GitHub remote for folder /workspace/project
2025-02-09 13:04:47.744 [info] Using in-memory cached assignable users.
2025-02-09 13:04:47.754 [info] Review+0> No matching pull request metadata found locally for current branch main
2025-02-09 13:04:47.761 [info] Review+0> No matching pull request metadata found on GitHub for current branch main
2025-02-09 13:05:05.835 [info] Review+0> Validate state in progress
2025-02-09 13:05:05.835 [info] Review+0> Validating state...
2025-02-09 13:05:05.998 [info] Found GitHub remote for folder /workspace/project
2025-02-09 13:05:05.998 [info] Using in-memory cached assignable users.
2025-02-09 13:05:06.008 [info] Review+0> No matching pull request metadata found locally for current branch main
2025-02-09 13:05:06.016 [info] Review+0> No matching pull request metadata found on GitHub for current branch main
2025-02-09 13:05:20.896 [info] Review+0> Validate state in progress
2025-02-09 13:05:20.896 [info] Review+0> Validating state...
2025-02-09 13:05:21.060 [info] Found GitHub remote for folder /workspace/project
2025-02-09 13:05:21.061 [info] Using in-memory cached assignable users.
2025-02-09 13:05:21.072 [info] Review+0> No matching pull request metadata found locally for current branch main
2025-02-09 13:05:21.080 [info] Review+0> No matching pull request metadata found on GitHub for current branch main
2025-02-09 13:05:25.922 [info] Review+0> Validate state in progress
2025-02-09 13:05:25.922 [info] Review+0> Validating state...
2025-02-09 13:05:26.085 [info] Found GitHub remote for folder /workspace/project
2025-02-09 13:05:26.086 [info] Using in-memory cached assignable users.
2025-02-09 13:05:26.095 [info] Review+0> No matching pull request metadata found locally for current branch main
2025-02-09 13:05:26.102 [info] Review+0> No matching pull request metadata found on GitHub for current branch main
2025-02-09 13:05:30.948 [info] Review+0> Validate state in progress
2025-02-09 13:05:30.948 [info] Review+0> Validating state...
2025-02-09 13:05:31.172 [info] Found GitHub remote for folder /workspace/project
2025-02-09 13:05:31.173 [info] Using in-memory cached assignable users.
2025-02-09 13:05:31.183 [info] Review+0> No matching pull request metadata found locally for current branch main
2025-02-09 13:05:31.191 [info] Review+0> No matching pull request metadata found on GitHub for current branch main
2025-02-09 13:06:36.650 [info] Review+0> Validate state in progress
2025-02-09 13:06:36.650 [info] Review+0> Validating state...
2025-02-09 13:06:36.812 [info] Found GitHub remote for folder /workspace/project
2025-02-09 13:06:36.813 [info] Using in-memory cached assignable users.
2025-02-09 13:06:36.823 [info] Review+0> No matching pull request metadata found locally for current branch main
2025-02-09 13:06:36.830 [info] Review+0> No matching pull request metadata found on GitHub for current branch main
2025-02-09 13:08:12.683 [info] Review+0> Validate state in progress
2025-02-09 13:08:12.683 [info] Review+0> Validating state...
2025-02-09 13:08:12.849 [info] Found GitHub remote for folder /workspace/project
2025-02-09 13:08:12.850 [info] Using in-memory cached assignable users.
2025-02-09 13:08:12.859 [info] Review+0> No matching pull request metadata found locally for current branch main
2025-02-09 13:08:12.866 [info] Review+0> No matching pull request metadata found on GitHub for current branch main
2025-02-09 13:08:30.777 [info] Review+0> Validate state in progress
2025-02-09 13:08:30.777 [info] Review+0> Validating state...
2025-02-09 13:08:30.938 [info] Found GitHub remote for folder /workspace/project
2025-02-09 13:08:30.938 [info] Using in-memory cached assignable users.
2025-02-09 13:08:30.948 [info] Review+0> No matching pull request metadata found locally for current branch main
2025-02-09 13:08:30.954 [info] Review+0> No matching pull request metadata found on GitHub for current branch main
2025-02-09 13:08:38.323 [info] Review+0> Validate state in progress
2025-02-09 13:08:38.323 [info] Review+0> Validating state...
2025-02-09 13:08:38.486 [info] Found GitHub remote for folder /workspace/project
2025-02-09 13:08:38.486 [info] Using in-memory cached assignable users.
2025-02-09 13:08:38.496 [info] Review+0> No matching pull request metadata found locally for current branch main
2025-02-09 13:08:38.503 [info] Review+0> No matching pull request metadata found on GitHub for current branch main
2025-02-09 13:08:55.761 [info] Review+0> Validate state in progress
2025-02-09 13:08:55.761 [info] Review+0> Validating state...
2025-02-09 13:08:55.925 [info] Found GitHub remote for folder /workspace/project
2025-02-09 13:08:55.925 [info] Using in-memory cached assignable users.
2025-02-09 13:08:55.936 [info] Review+0> No matching pull request metadata found locally for current branch main
2025-02-09 13:08:55.943 [info] Review+0> No matching pull request metadata found on GitHub for current branch main
2025-02-09 13:09:06.141 [info] Review+0> Validate state in progress
2025-02-09 13:09:06.141 [info] Review+0> Validating state...
2025-02-09 13:09:06.355 [info] Found GitHub remote for folder /workspace/project
2025-02-09 13:09:06.356 [info] Using in-memory cached assignable users.
2025-02-09 13:09:06.365 [info] Review+0> No matching pull request metadata found locally for current branch main
2025-02-09 13:09:06.373 [info] Review+0> No matching pull request metadata found on GitHub for current branch main
2025-02-09 13:09:11.165 [info] Review+0> Validate state in progress
2025-02-09 13:09:11.165 [info] Review+0> Validating state...
2025-02-09 13:09:11.375 [info] Found GitHub remote for folder /workspace/project
2025-02-09 13:09:11.375 [info] Using in-memory cached assignable users.
2025-02-09 13:09:11.386 [info] Review+0> No matching pull request metadata found locally for current branch main
2025-02-09 13:09:11.394 [info] Review+0> No matching pull request metadata found on GitHub for current branch main
2025-02-09 13:09:16.185 [info] Review+0> Validate state in progress
2025-02-09 13:09:16.185 [info] Review+0> Validating state...
2025-02-09 13:09:16.347 [info] Found GitHub remote for folder /workspace/project
2025-02-09 13:09:16.348 [info] Using in-memory cached assignable users.
2025-02-09 13:09:16.360 [info] Review+0> No matching pull request metadata found locally for current branch main
2025-02-09 13:09:16.367 [info] Review+0> No matching pull request metadata found on GitHub for current branch main
2025-02-09 13:09:21.211 [info] Review+0> Validate state in progress
2025-02-09 13:09:21.211 [info] Review+0> Validating state...
2025-02-09 13:09:21.408 [info] Found GitHub remote for folder /workspace/project
2025-02-09 13:09:21.409 [info] Using in-memory cached assignable users.
2025-02-09 13:09:21.419 [info] Review+0> No matching pull request metadata found locally for current branch main
2025-02-09 13:09:21.427 [info] Review+0> No matching pull request metadata found on GitHub for current branch main
2025-02-09 13:09:36.329 [info] Review+0> Validate state in progress
2025-02-09 13:09:36.329 [info] Review+0> Validating state...
2025-02-09 13:09:36.542 [info] Found GitHub remote for folder /workspace/project
2025-02-09 13:09:36.543 [info] Using in-memory cached assignable users.
2025-02-09 13:09:36.552 [info] Review+0> No matching pull request metadata found locally for current branch main
2025-02-09 13:09:36.560 [info] Review+0> No matching pull request metadata found on GitHub for current branch main
2025-02-09 13:09:41.354 [info] Review+0> Validate state in progress
2025-02-09 13:09:41.354 [info] Review+0> Validating state...
2025-02-09 13:09:41.644 [info] Found GitHub remote for folder /workspace/project
2025-02-09 13:09:41.645 [info] Using in-memory cached assignable users.
2025-02-09 13:09:41.654 [info] Review+0> No matching pull request metadata found locally for current branch main
2025-02-09 13:09:41.662 [info] Review+0> No matching pull request metadata found on GitHub for current branch main
2025-02-09 13:11:03.125 [info] Review+0> Validate state in progress
2025-02-09 13:11:03.125 [info] Review+0> Validating state...
2025-02-09 13:11:03.289 [info] Found GitHub remote for folder /workspace/project
2025-02-09 13:11:03.289 [info] Using in-memory cached assignable users.
2025-02-09 13:11:03.299 [info] Review+0> No matching pull request metadata found locally for current branch main
2025-02-09 13:11:03.306 [info] Review+0> No matching pull request metadata found on GitHub for current branch main
2025-02-09 13:11:13.170 [info] Review+0> Validate state in progress
2025-02-09 13:11:13.170 [info] Review+0> Validating state...
2025-02-09 13:11:13.346 [info] Found GitHub remote for folder /workspace/project
2025-02-09 13:11:13.346 [info] Using in-memory cached assignable users.
2025-02-09 13:11:13.356 [info] Review+0> No matching pull request metadata found locally for current branch main
2025-02-09 13:11:13.363 [info] Review+0> No matching pull request metadata found on GitHub for current branch main
2025-02-09 13:11:18.192 [info] Review+0> Validate state in progress
2025-02-09 13:11:18.192 [info] Review+0> Validating state...
2025-02-09 13:11:18.356 [info] Found GitHub remote for folder /workspace/project
2025-02-09 13:11:18.357 [info] Using in-memory cached assignable users.
2025-02-09 13:11:18.366 [info] Review+0> No matching pull request metadata found locally for current branch main
2025-02-09 13:11:18.374 [info] Review+0> No matching pull request metadata found on GitHub for current branch main
2025-02-09 13:11:37.389 [info] Review+0> Validate state in progress
2025-02-09 13:11:37.390 [info] Review+0> Validating state...
2025-02-09 13:11:37.557 [info] Found GitHub remote for folder /workspace/project
2025-02-09 13:11:37.557 [info] Using in-memory cached assignable users.
2025-02-09 13:11:37.566 [info] Review+0> No matching pull request metadata found locally for current branch main
2025-02-09 13:11:37.572 [info] Review+0> No matching pull request metadata found on GitHub for current branch main
2025-02-09 13:11:42.416 [info] Review+0> Validate state in progress
2025-02-09 13:11:42.416 [info] Review+0> Validating state...
2025-02-09 13:11:42.578 [info] Found GitHub remote for folder /workspace/project
2025-02-09 13:11:42.578 [info] Using in-memory cached assignable users.
2025-02-09 13:11:42.589 [info] Review+0> No matching pull request metadata found locally for current branch main
2025-02-09 13:11:42.596 [info] Review+0> No matching pull request metadata found on GitHub for current branch main
2025-02-09 13:11:52.463 [info] Review+0> Validate state in progress
2025-02-09 13:11:52.463 [info] Review+0> Validating state...
2025-02-09 13:11:52.623 [info] Found GitHub remote for folder /workspace/project
2025-02-09 13:11:52.624 [info] Using in-memory cached assignable users.
2025-02-09 13:11:52.633 [info] Review+0> No matching pull request metadata found locally for current branch main
2025-02-09 13:11:52.640 [info] Review+0> No matching pull request metadata found on GitHub for current branch main
2025-02-09 13:11:57.487 [info] Review+0> Validate state in progress
2025-02-09 13:11:57.487 [info] Review+0> Validating state...
2025-02-09 13:11:57.648 [info] Found GitHub remote for folder /workspace/project
2025-02-09 13:11:57.649 [info] Using in-memory cached assignable users.
2025-02-09 13:11:57.658 [info] Review+0> No matching pull request metadata found locally for current branch main
2025-02-09 13:11:57.664 [info] Review+0> No matching pull request metadata found on GitHub for current branch main
2025-02-09 13:12:02.508 [info] Review+0> Validate state in progress
2025-02-09 13:12:02.508 [info] Review+0> Validating state...
2025-02-09 13:12:02.668 [info] Found GitHub remote for folder /workspace/project
2025-02-09 13:12:02.668 [info] Using in-memory cached assignable users.
2025-02-09 13:12:02.679 [info] Review+0> No matching pull request metadata found locally for current branch main
2025-02-09 13:12:02.686 [info] Review+0> No matching pull request metadata found on GitHub for current branch main
2025-02-09 13:12:37.981 [info] Review+0> Validate state in progress
2025-02-09 13:12:37.981 [info] Review+0> Validating state...
2025-02-09 13:12:38.148 [info] Found GitHub remote for folder /workspace/project
2025-02-09 13:12:38.148 [info] Using in-memory cached assignable users.
2025-02-09 13:12:38.157 [info] Review+0> No matching pull request metadata found locally for current branch main
2025-02-09 13:12:38.165 [info] Review+0> No matching pull request metadata found on GitHub for current branch main
2025-02-09 13:12:50.834 [info] Review+0> Validate state in progress
2025-02-09 13:12:50.834 [info] Review+0> Validating state...
2025-02-09 13:12:50.996 [info] Found GitHub remote for folder /workspace/project
2025-02-09 13:12:50.996 [info] Using in-memory cached assignable users.
2025-02-09 13:12:51.007 [info] Review+0> No matching pull request metadata found locally for current branch main
2025-02-09 13:12:51.014 [info] Review+0> No matching pull request metadata found on GitHub for current branch main
2025-02-09 13:14:32.774 [info] Review+0> Validate state in progress
2025-02-09 13:14:32.774 [info] Review+0> Validating state...
2025-02-09 13:14:32.938 [info] Found GitHub remote for folder /workspace/project
2025-02-09 13:14:32.938 [info] Using in-memory cached assignable users.
2025-02-09 13:14:32.949 [info] Review+0> No matching pull request metadata found locally for current branch main
2025-02-09 13:14:32.956 [info] Review+0> No matching pull request metadata found on GitHub for current branch main
2025-02-09 13:14:37.797 [info] Review+0> Validate state in progress
2025-02-09 13:14:37.797 [info] Review+0> Validating state...
2025-02-09 13:14:37.957 [info] Found GitHub remote for folder /workspace/project
2025-02-09 13:14:37.958 [info] Using in-memory cached assignable users.
2025-02-09 13:14:37.966 [info] Review+0> No matching pull request metadata found locally for current branch main
2025-02-09 13:14:37.973 [info] Review+0> No matching pull request metadata found on GitHub for current branch main
2025-02-09 13:14:54.716 [info] Review+0> Validate state in progress
2025-02-09 13:14:54.716 [info] Review+0> Validating state...
2025-02-09 13:14:54.878 [info] Found GitHub remote for folder /workspace/project
2025-02-09 13:14:54.878 [info] Using in-memory cached assignable users.
2025-02-09 13:14:54.888 [info] Review+0> No matching pull request metadata found locally for current branch main
2025-02-09 13:14:54.896 [info] Review+0> No matching pull request metadata found on GitHub for current branch main
2025-02-09 13:14:59.740 [info] Review+0> Validate state in progress
2025-02-09 13:14:59.740 [info] Review+0> Validating state...
2025-02-09 13:14:59.900 [info] Found GitHub remote for folder /workspace/project
2025-02-09 13:14:59.900 [info] Using in-memory cached assignable users.
2025-02-09 13:14:59.910 [info] Review+0> No matching pull request metadata found locally for current branch main
2025-02-09 13:14:59.918 [info] Review+0> No matching pull request metadata found on GitHub for current branch main
2025-02-09 13:15:15.094 [info] Review+0> Validate state in progress
2025-02-09 13:15:15.094 [info] Review+0> Validating state...
2025-02-09 13:15:15.255 [info] Found GitHub remote for folder /workspace/project
2025-02-09 13:15:15.256 [info] Using in-memory cached assignable users.
2025-02-09 13:15:15.265 [info] Review+0> No matching pull request metadata found locally for current branch main
2025-02-09 13:15:15.271 [info] Review+0> No matching pull request metadata found on GitHub for current branch main
2025-02-09 13:15:20.120 [info] Review+0> Validate state in progress
2025-02-09 13:15:20.120 [info] Review+0> Validating state...
2025-02-09 13:15:20.280 [info] Found GitHub remote for folder /workspace/project
2025-02-09 13:15:20.280 [info] Using in-memory cached assignable users.
2025-02-09 13:15:20.290 [info] Review+0> No matching pull request metadata found locally for current branch main
2025-02-09 13:15:20.297 [info] Review+0> No matching pull request metadata found on GitHub for current branch main
2025-02-09 13:15:25.200 [info] Review+0> Validate state in progress
2025-02-09 13:15:25.200 [info] Review+0> Validating state...
2025-02-09 13:15:25.416 [info] Found GitHub remote for folder /workspace/project
2025-02-09 13:15:25.416 [info] Using in-memory cached assignable users.
2025-02-09 13:15:25.427 [info] Review+0> No matching pull request metadata found locally for current branch main
2025-02-09 13:15:25.434 [info] Review+0> No matching pull request metadata found on GitHub for current branch main
2025-02-09 13:15:30.225 [info] Review+0> Validate state in progress
2025-02-09 13:15:30.225 [info] Review+0> Validating state...
2025-02-09 13:15:30.444 [info] Found GitHub remote for folder /workspace/project
2025-02-09 13:15:30.445 [info] Using in-memory cached assignable users.
2025-02-09 13:15:30.454 [info] Review+0> No matching pull request metadata found locally for current branch main
2025-02-09 13:15:30.460 [info] Review+0> No matching pull request metadata found on GitHub for current branch main
2025-02-09 13:15:35.252 [info] Review+0> Validate state in progress
2025-02-09 13:15:35.252 [info] Review+0> Validating state...
2025-02-09 13:15:35.438 [info] Found GitHub remote for folder /workspace/project
2025-02-09 13:15:35.439 [info] Using in-memory cached assignable users.
2025-02-09 13:15:35.448 [info] Review+0> No matching pull request metadata found locally for current branch main
2025-02-09 13:15:35.455 [info] Review+0> No matching pull request metadata found on GitHub for current branch main
2025-02-09 13:15:40.277 [info] Review+0> Validate state in progress
2025-02-09 13:15:40.277 [info] Review+0> Validating state...
2025-02-09 13:15:40.458 [info] Found GitHub remote for folder /workspace/project
2025-02-09 13:15:40.459 [info] Using in-memory cached assignable users.
2025-02-09 13:15:40.469 [info] Review+0> No matching pull request metadata found locally for current branch main
2025-02-09 13:15:40.477 [info] Review+0> No matching pull request metadata found on GitHub for current branch main
2025-02-09 13:16:33.442 [info] Review+0> Validate state in progress
2025-02-09 13:16:33.442 [info] Review+0> Validating state...
2025-02-09 13:16:33.678 [info] Found GitHub remote for folder /workspace/project
2025-02-09 13:16:33.678 [info] Using in-memory cached assignable users.
2025-02-09 13:16:33.687 [info] Review+0> No matching pull request metadata found locally for current branch main
2025-02-09 13:16:33.693 [info] Review+0> No matching pull request metadata found on GitHub for current branch main
2025-02-09 13:16:43.485 [info] Review+0> Validate state in progress
2025-02-09 13:16:43.485 [info] Review+0> Validating state...
2025-02-09 13:16:43.647 [info] Found GitHub remote for folder /workspace/project
2025-02-09 13:16:43.647 [info] Using in-memory cached assignable users.
2025-02-09 13:16:43.656 [info] Review+0> No matching pull request metadata found locally for current branch main
2025-02-09 13:16:43.662 [info] Review+0> No matching pull request metadata found on GitHub for current branch main
2025-02-09 13:17:16.288 [info] Review+0> Validate state in progress
2025-02-09 13:17:16.288 [info] Review+0> Validating state...
2025-02-09 13:17:16.450 [info] Found GitHub remote for folder /workspace/project
2025-02-09 13:17:16.450 [info] Using in-memory cached assignable users.
2025-02-09 13:17:16.460 [info] Review+0> No matching pull request metadata found locally for current branch main
2025-02-09 13:17:16.466 [info] Review+0> No matching pull request metadata found on GitHub for current branch main
2025-02-09 13:17:50.840 [info] Review+0> Validate state in progress
2025-02-09 13:17:50.840 [info] Review+0> Validating state...
2025-02-09 13:17:51.003 [info] Found GitHub remote for folder /workspace/project
2025-02-09 13:17:51.003 [info] Using in-memory cached assignable users.
2025-02-09 13:17:51.014 [info] Review+0> No matching pull request metadata found locally for current branch main
2025-02-09 13:17:51.021 [info] Review+0> No matching pull request metadata found on GitHub for current branch main
2025-02-09 13:17:55.862 [info] Review+0> Validate state in progress
2025-02-09 13:17:55.862 [info] Review+0> Validating state...
2025-02-09 13:17:56.145 [info] Found GitHub remote for folder /workspace/project
2025-02-09 13:17:56.146 [info] Using in-memory cached assignable users.
2025-02-09 13:17:56.156 [info] Review+0> No matching pull request metadata found locally for current branch main
2025-02-09 13:17:56.162 [info] Review+0> No matching pull request metadata found on GitHub for current branch main
2025-02-09 13:18:05.910 [info] Review+0> Validate state in progress
2025-02-09 13:18:05.910 [info] Review+0> Validating state...
2025-02-09 13:18:06.108 [info] Found GitHub remote for folder /workspace/project
2025-02-09 13:18:06.109 [info] Using in-memory cached assignable users.
2025-02-09 13:18:06.118 [info] Review+0> No matching pull request metadata found locally for current branch main
2025-02-09 13:18:06.124 [info] Review+0> No matching pull request metadata found on GitHub for current branch main
2025-02-09 13:18:47.134 [info] Review+0> Validate state in progress
2025-02-09 13:18:47.134 [info] Review+0> Validating state...
2025-02-09 13:18:47.299 [info] Found GitHub remote for folder /workspace/project
2025-02-09 13:18:47.299 [info] Using in-memory cached assignable users.
2025-02-09 13:18:47.309 [info] Review+0> No matching pull request metadata found locally for current branch main
2025-02-09 13:18:47.316 [info] Review+0> No matching pull request metadata found on GitHub for current branch main
2025-02-09 13:18:52.154 [info] Review+0> Validate state in progress
2025-02-09 13:18:52.154 [info] Review+0> Validating state...
2025-02-09 13:18:52.316 [info] Found GitHub remote for folder /workspace/project
2025-02-09 13:18:52.316 [info] Using in-memory cached assignable users.
2025-02-09 13:18:52.327 [info] Review+0> No matching pull request metadata found locally for current branch main
2025-02-09 13:18:52.334 [info] Review+0> No matching pull request metadata found on GitHub for current branch main
2025-02-09 13:19:02.198 [info] Review+0> Validate state in progress
2025-02-09 13:19:02.198 [info] Review+0> Validating state...
2025-02-09 13:19:02.408 [info] Found GitHub remote for folder /workspace/project
2025-02-09 13:19:02.408 [info] Using in-memory cached assignable users.
2025-02-09 13:19:02.418 [info] Review+0> No matching pull request metadata found locally for current branch main
2025-02-09 13:19:02.424 [info] Review+0> No matching pull request metadata found on GitHub for current branch main
2025-02-09 13:19:07.219 [info] Review+0> Validate state in progress
2025-02-09 13:19:07.219 [info] Review+0> Validating state...
2025-02-09 13:19:07.423 [info] Found GitHub remote for folder /workspace/project
2025-02-09 13:19:07.423 [info] Using in-memory cached assignable users.
2025-02-09 13:19:07.433 [info] Review+0> No matching pull request metadata found locally for current branch main
2025-02-09 13:19:07.440 [info] Review+0> No matching pull request metadata found on GitHub for current branch main
